Permission Checks:
cap_capable
cap_ptrace_access_check
security_capable
security_capable_noaudit
inode_owner_or_capable
has_ns_capability_noaudit
sk_capable
ptracer_capable
netlink_net_capable
ns_capable
__netlink_ns_capable
has_capability
sk_ns_capable
file_ns_capable
capable_wrt_inode_uidgid
sk_net_capable
ns_capable_noaudit
netlink_ns_capable
has_ns_capability
netlink_capable
capable
has_capability_noaudit
__check_sticky
Time Cost: 10.950306 s
Done

Privileged Function Detection:
skb_copy_expand
local_bh_enable.535459
unregister_vlan_dev
register_vlan_dev
vlan_dev_change_flags
raw_init.511396
raw_init.504076
pn_socket_bind
dn_dev_create
dn_dev_insert_ifa
ppp_register_channel
vcc_process_recv_queue
register_netdevice_notifier
lec_vcc_added
alloc_etherdev_mqs
lec_mcast_make
clip_setentry
tty_port_put
rfcomm_dlc_exists
hci_dev_reset_stat
hci_dev_reset
hci_dev_open
ida_alloc_range
__hci_send_to_channel
__get_task_comm
hci_dev_get
br_fdb_flush
br_multicast_toggle
br_multicast_set_hash_max
br_multicast_set_igmp_version
br_multicast_set_mld_version
br_vlan_filter_toggle
br_vlan_set_proto
br_vlan_set_default_pvid
br_vlan_set_stats
br_get_port
br_stp_set_port_priority
br_set_forward_delay
dev_add_pack
ipip6_tunnel_del_prl
ipip6_tunnel_locate
unregister_netdevice_queue
compat_table_info.508519
fl_lookup.507808
fib6_add
ip6_route_info_create
ip6_route_del
sk_diag_fill.506044
do_arpt_get_ctl
translate_table
xt_alloc_table_info
l3mdev_fib_table_rcu
ip_vs_proto_data_get
ip_vs_set_timeout
find_set_and_id
dev_set_alias
dev_change_carrier
dev_change_tx_queue_len
netif_set_xps_queue
bitmap_free
mlx4_en_set_tx_maxrate
mlx5e_set_tx_maxrate
netdev_master_upper_dev_get
snd_emu10k1_ptr_write
intel_scu_ipc_update_register
intel_scu_ipc_readv
acpi_evalf
fwtty_proc_show_port
efivar_entry_set
rdma_lookup_get_uobject
autostart_arrays
__dynamic_dev_dbg
vidioc_g_register.358916
vidioc_g_register.347092
vidioc_g_register.357518
vidioc_g_register.360557
vidioc_s_register.347093
vidioc_s_register.358917
vidioc_s_register.349296
vidioc_s_register.357519
rtc_set_time
pcd_drive_reset
ide_cdrom_reset
sr_reset
atm_init_aal5
atm_dev_lookup
vcc_insert_socket
atm_dev_register
atm_dev_deregister
dvb_net_feed_stop
atmtcp_v_dev_close
br_stp_set_enabled
idt77252_dev_close
lanai_dev_close
idt77252_phy_get
eni_phy_get
ns_phy_get
ax25_addr_ax25dev
ia_phy_get
dev_ifsioc
he_phy_put
ns_phy_put
br_set_max_age
ia_phy_put
men_z135_get_mctrl
lmc_t1_set_crc_length
cdns_uart_get_mctrl
max310x_get_mctrl
compat_table_info.506012
__enqueue_cmd_and_start_io
cdns_uart_config_port
dev_set_group
lpuart32_get_mctrl
sccnxp_config_port
ocfs2_set_inode_flags
lmc_hssi_set_link_status
digicolor_uart_config_port
arc_serial_config_port
uart_shutdown
uart_startup
virtnet_xdp
amd_set_subcaches
prism2_hw_shutdown.272109
sccnxp_release_port
max3100_config_port
arc_serial_release_port
mic_dma_unmap_page
prism2_hw_reset
altera_uart_release_port
hvc_write
max3100_release_port
sccnxp_verify_port
serial8250_pm
hfa384x_set_rid
altera_jtaguart_request_port
ulite_config_port
lpuart_request_port
sdio_uart_write
hostap_monitor_mode_enable
rp2_uart_request_port
bpf_offload_find_netdev
hso_serial_write
sccnxp_request_port
altera_uart_request_port
__mnt_drop_write
xs_resume
digicolor_uart_get_mctrl
qla2x00_get_dcbx_params
__bond_3ad_get_active_agg_info
altera_uart_verify_port
arc_serial_verify_port
max310x_verify_port
lmc_ssi_set_link_status
rp2_uart_verify_port
sc16is7xx_request_port
gfs2_set_acl
altera_jtaguart_verify_port
atmel_open
alloc_netdev_mqs
lmc_ds3_set_crc_length
balloon_set_new_target
xen_event_channel_op_compat
rp2_uart_release_port
get_phys_to_machine
sc16is7xx_pm
vlan_dev_set_ingress_priority
blk_put_request
qla2x00_get_flash_version
xb_deinit_comms
mtrr_file_add
ulite_pm
check_for_unit_attention
hrtimer_init_on_stack
hci_dev_cmd
lpfc_device_reset_handler
xs_suspend
unregister_netdev
qla2x00_get_xgmac_stats
pti_tty_driver_write
pci_get_domain_bus_and_slot
pci_mmap_page_range
btrfs_rm_device
cy_write
fsnotify
serial8250_verify_port
scsi_autopm_put_host
__dynamic_netdev_dbg
prism2_hw_reset.272108
lib80211_wep_init
translate_table.508523
disk_part_iter_init
disk_part_iter_next
delete_partition
xt_compat_init_offsets
snd_emu10k1_fx8010_tram_setup
hfa384x_get_rid.272446
unmap_page
disk_get_part
fnic_device_reset
lpuart_verify_port
slow_avc_audit
vidioc_g_register.349295
security_bpf_prog
cdns_uart_request_port
hci_dev_close
lpfc_no_handler
tpm_pcr_extend
suspend_devices_and_enter
swap_type_of
btrfs_dev_replace_status
pcpu_freelist_init
mptfc_dev_reset
btrfs_dev_replace_cancel
ulite_verify_port
lpuart_config_port
prism2_hw_config
btrfs_scrub_dev
xfs_set_acl
ext4_bmap
serial8250_release_port
scsi_debug_device_reset
btrfs_init_new_device
f2fs_set_context
security_context_to_sid
avc_has_perm_noaudit
write_extent_buffer
btrfs_set_prop
lmc_ds3_set_status
notify_change
get_mtd_device
next
cap_capable
btrfs_set_acl
reiserfs_xattr_set
fget
cdns_uart_release_port
filemap_write_and_wait_range
get_hwpoison_page
lpuart_release_port
ulite_release_port
br_set_hello_time
xs_suspend_cancel
nfp_net_xdp
ixgbe_xdp
snapshot_get_image_size
ext4_get_inode_loc
dev_get_valid_name
inode_set_flags
mlx4_xdp
configure_r_port
men_z135_config_port
pci_write_config_byte
pin_insert
mnt_clone_internal
intel_unmap_page
nsim_bpf
ipvlan_set_port_mode
fwtty_write
lmc_trace
__fsnotify_parent
ext2_set_inode_flags
btrfs_shrink_device
rfcomm_dlc_alloc
ubifs_budget_space
__mnt_want_write
__netif_set_xps_queue
gfs2_set_aops
prctl_set_mm_exe_file
arc_serial_request_port
bcm_init.511411
bnxt_xdp
max3100_verify_port
qede_xdp
men_z135_verify_port
pty_write
get_mem_cgroup_from_mm
do_ip6t_get_ctl
lib80211_tkip_init
exportfs_decode_fh
set_fs_root
cdns_uart_pm
jfs_set_inode_flags
vfs_kern_mount
lmc_ssi_set_status
altera_jtaguart_get_mctrl
write_inode_now
virtscsi_device_reset
megasas_reset_target
hostap_handle_sta_release
vidioc_s_register.360558
dev_exception_clean
vidioc_s_register.354529
tcm_loop_target_reset
ovl_override_creds
rbd_dev_refresh
__bond_opt_set_notify
max3100_get_mctrl
men_z135_release_port
ulite_request_port
ixgbevf_xdp
sc16is7xx_config_port
tun_xdp
netif_tx_wake_queue
hibernation_restore
mgslpc_write
sca_attach
tpm_chip_alloc
hfa384x_cmd
qla4xxx_eh_device_reset
pci_read_config_dword
altera_uart_config_port
bad_inode_set_acl
_dev_alert
get_files_struct
orangefs_set_acl
xfs_trans_mod_sb
f2fs_set_acl
pci_write_config_dword
__starget_for_each_device
rp2_uart_config_port
ext4_set_context
pci_mmap_fits
btrfs_find_device
f2fs_get_context
usbatm_atm_dev_close
iscsi_eh_recover_target
pqi_eh_device_reset_handler
ubifs_crypt_get_context
serial8250_config_port
he_phy_get
scsi_autopm_get_host
zatm_phy_put
blkdev_report_zones
phy_writeby_cr9
sis_int_malloc
snapshot_image_loaded
device_reset.428808
fst_attach
max3100_request_port
tcp_register_ulp
ulite_get_mctrl
lpuart_get_mctrl
blk_queue_max_discard_sectors
kgdb_nmi_tty_write
nicvf_xdp
lib80211_ccmp_set_key
ext2_set_acl
ahc_linux_dev_reset
issuecommand
kmem_cache_alloc_trace
bnx2fc_eh_device_reset
swsusp_swap_in_use
proc_alloc_inum
prism2_download
sccnxp_get_mctrl
security_sb_umount
__sb_end_write
security_context_to_sid_force
ovl_xattr_set
cdns_uart_verify_port
tpm_get_random
gnttab_grant_foreign_access_ref
__ipv6_dev_ac_inc
bpf_get_trace_printk_proto
set_cached_acl
nilfs_sufile_set_alloc_range
hci_bdaddr_list_add
write_pool
pmcraid_eh_target_reset_handler
get_random_bytes
set_device_ro
ubifs_crypt_set_context
ceph_set_acl
max310x_config_port
perf_get_event
nbd_disconnect
snapshot_write_finalize
security_sb_remount
get_exclusive
esas2r_target_reset
ubi_detach_mtd_dev
if_write
iosf_mbi_write
mtrr_del
lmc_t1_set_circuit_type
br_stp_set_path_cost
inode_doinit_with_dentry
nfs3_set_acl
ext4_mark_iloc_dirty
jffs2_set_acl
write.113685
mgsl_write
btf_get_fd_by_id
mlx5e_xdp
bfad_im_reset_lun_handler
scsifront_dev_reset_handler
free_all_swap_pages
ntty_write
sc16is7xx_verify_port
goldfish_tty_write
ext4_trim_fs
dev_exceptions_copy
xfs_initialize_perag
dev_set_mtu
get_fs_type
bpf_prog_get_type_dev
__genwqe_writel
vidioc_g_register.354528
nd_jump_link
altera_jtaguart_release_port
__sb_start_write
intel_scu_ipc_writev
generic_ocp_write
jfs_set_acl
uart_write
lib80211_wep_get_key
btrfs_grow_device
misc_register
reiserfs_xattr_get
mmc_blk_put
get_callchain_buffers
mxser_write
dev_change_proto_down
_fat_bmap
moxa_write
ext4_reserve_inode_write
ext4_set_acl
rp2_uart_get_mctrl
jsm_tty_release_port
ahd_linux_dev_reset
vidioc_g_register.350430
kbd_rate
xfs_set_dmattrs
ext4_double_down_write_data_sem
_isofs_bmap
prism2_hostapd
sis_int_free
vidioc_s_register.350431
ext4_double_up_write_data_sem
ext4_expand_extra_isize
__dquot_transfer
arc_serial_get_mctrl
netlink_broadcast
ovl_real_fdget_meta
qla25xx_write_nvram_data
__tty_hangup
jsm_config_port
swiotlb_unmap_page
isicom_write
v9fs_xattr_set
security_sid_to_context_force
nilfs_sufile_set_suinfo
snic_device_reset
jsm_tty_get_mctrl
digicolor_uart_release_port
ext4_ext_migrate
punch_hole.69376
gb_tty_write
btrfs_scan_one_device
conn_highest_role
_dev_warn
xen_io_delay
br_stp_set_bridge_priority
set_fs_pwd
peer_device_statistics_to_skb
serial_write
sas_eh_target_reset_handler
credit_entropy_bits
hostap_set_word
hci_bdaddr_list_del
crng_reseed
tty_port_tty_get
ttm_bo_swapout
drm_legacy_ioremap
blk_execute_rq
drm_err
__invalidate_device
ubi_get_by_major
__mic_dma_unmap_page
ide_raw_taskfile
pkt_setup_dev
nbd_dev_add
_dev_err
nbd_size_update
blk_queue_flag_clear
mptscsih_dev_reset
br_multicast_set_querier
lmc_t1_set_status
ax25_listen_register
bd_set_size
dev_mc_del
hibernation_platform_enter
nbd_add_socket
sock_shutdown
max310x_request_port
usb_control_msg
device_statistics_to_skb
get_nth_filter
peer_device_to_statistics
do_update_counters
veth_xdp
rbd_warn
strspn
ceph_parse_options
__genwqe_writeq
serial8250_get_mctrl
rfcomm_tty_write
lib80211_tkip_set_key
translate_table.506016
ide_find_dma_mode
bfad_im_reset_target_handler
vlan_check_real_dev
strcspn
blk_get_request
aac_eh_target_reset
scsi_try_host_reset
br_set_ageing_time
csio_eh_lun_reset_handler
l3mdev_fib_table_by_index
ubi_err
scsi_try_bus_reset
scsi_put_command
blk_rq_init
altera_jtaguart_config_port
scsih_dev_reset
inia100_device_reset
pmcraid_eh_device_reset_handler
ipr_eh_dev_reset
sas_eh_device_reset_handler
xen_swiotlb_unmap_page
hpsa_eh_device_reset_handler
sym53c8xx_eh_device_reset_handler
sc16is7xx_get_mctrl
sca_attach.248796
qla2xxx_eh_device_reset
uas_eh_device_reset_handler
digicolor_uart_request_port
qla4xxx_session_get_param
qla24xx_write_nvram_data
hostap_set_encryption
pvscsi_device_reset
aac_eh_dev_reset
qedf_eh_device_reset
sdev_prefix_printk
mii_write
device_to_statistics
fc_eh_device_reset
idt77252_phy_put
scsi_run_host_queues
ufshcd_eh_device_reset_handler
revert_creds
esas2r_device_reset
dn_fib_get_table
lib80211_get_crypto_ops
adpt_device_reset
visorhba_device_reset_handler
nilfs_set_inode_flags
megaraid_reset
wd719x_dev_reset
tcm_loop_device_reset
compat_table_info
beiscsi_eh_device_reset
device_reset
lib80211_wep_set_key
iscsi_eh_device_reset
iscsi_eh_session_reset
qla2xxx_eh_target_reset
simple_set_acl
qla4xxx_eh_target_reset
bnx2fc_eh_target_reset
swsusp_free
blk_queue_flag_set
prism2_sta_deauth
qedf_eh_target_reset
serial8250_request_port
scsi_debug_target_reset
scsih_target_reset
do_ipt_get_ctl
lpfc_target_reset_handler
btrfs_get_fs_root
iscsi_session_get_param
sysfs_emit
isdn_tty_write
arcmsr_get_iop_rqbuffer
wbinvd_on_cpu
qla2x00_read_sfp_dev
complete_all
qla82xx_get_flash_version
reiserfs_set_acl
qla24xx_get_flash_version
qla2x00_write_nvram_data
wait_for_completion_io
hibernation_snapshot
hostap_deauth_all_stas
_mic_dma_unmap_page
ext4_get_context
gart_unmap_page
calgary_unmap_page
prism2_sta_send_mgmt
debug_dma_unmap_page
sgl_alloc_order
wanxl_attach
dev_change_flags
nvme_mpath_wait_freeze
integrity_iint_find
nvme_mpath_start_freeze
vlan_dev_set_egress_priority
ocfs2_iop_set_acl
ubi_put_device
vidioc_s_register.358736
__bond_release_one
zatm_phy_get
blkdev_reset_zones
ubi_dump_mkvol_req
hfa384x_set_rid.272105
native_io_delay
ubi_attach_mtd_dev
rp_write
put_mtd_device
jsm_tty_request_port
prism2_hw_config.272561
call_netdevice_notifiers
prism2_download.272113
bond_3ad_get_active_agg_info
men_z135_request_port
security_tun_dev_create
llist_add_batch
transmit_allocate
atrtr_get_dev
load_packet
dev_uc_del
dbc_tty_write
ipip6_tunnel_update
tpk_write
eni_phy_put
ifx_spi_write
ipoctal_write_tty
con_write
gsmtty_write
gs_write
capinc_tty_write
ipw_write
acm_tty_write
write
do_ebt_get_ctl
dgnc_tty_write
video_outputsw_get
setup_card
card_send_command
phy_writeby_cr10
dev_get_by_name
prism2_reset_port.272510
i40e_xdp
ether_setup
lmc_ssi_set_crc_length
lmc_hssi_set_crc_length
lmc_hssi_set_status
lmc_dummy_set_1
lmc_running_reset
pcpu_freelist_populate
pci200_set_iface
pkt_remove_dev
pc300_set_iface
strcasecmp
srp_reset_device
sockmap_get_from_fd
b43legacy_radio_set_interference_mitigation
local_bh_disable.535458
prism2_reset_port
kern_path
mpi_init_descriptors
hfa384x_cmd.272427
fuse_set_acl
prism2_reset_port.272110
prism2_hw_reset.272486
ide_no_data_taskfile
prism2_hw_shutdown
vidioc_g_register.358735
prism2_hw_shutdown.272500
ap_control_kickall
nbd_start_device
netif_carrier_off
ap_control_flush_macs
prism2_download.272564
nfnetlink_rcv_batch
mtrr_add
lib80211_crypt_delayed_deinit
hfa384x_set_rid.272479
atm_reset_addr
lib80211_ccmp_init
lib80211_crypt_null_init
ap_crypt_get_ptrs
qla1280_eh_device_reset
hfa384x_get_rid
cxgb_set_tx_maxrate
altera_uart_get_mctrl
hfa384x_get_rid.272104
lib80211_ccmp_get_key
filemap_write_and_wait
lib80211_tkip_get_key
erst_write
prism2_set_genericelement
br_multicast_set_router
orinoco_reset
prism2_hw_config.272107
__mii_op
priv_func_num=706
Time Cost: 1369.956540 s
Done

Constraint-based Analysis:
rds_tcp_listen_init:pn_socket_bind:pn_sock_bind_res
ax25_bind:ax25_addr_ax25dev:ax25_ioctl
compat_do_ebt_get_ctl:xt_compat_init_offsets:compat_do_ip6t_set_ctl
prism2_hw_enable.272508:hfa384x_cmd.272427:hostap_ioctl
dev_ioctl:dev_ifsioc:dev_ioctl
prism2_hw_enable:hfa384x_cmd:hostap_ioctl
b43legacy_wireless_core_init:b43legacy_radio_set_interference_mitigation:b43legacy_attr_interfmode_store
pc300_open:pc300_set_iface:pc300_ioctl
nfp_net_tx_rings_prepare:netif_set_xps_queue:xps_cpus_store
bond_uninit:__bond_release_one:bond_do_ioctl
mt76_eeprom_init:put_mtd_device:ctrl_cdev_ioctl
qla24xx_detect_sfp:qla2x00_read_sfp_dev:qla2x00_sysfs_read_sfp
check_leaf.67801:btrfs_get_fs_root:btrfs_ioctl
dns_query:revert_creds:ovl_ioctl_set_flags
mii_set_media:mii_write:rio_ioctl
nr_set_mac_address:ax25_listen_register:rose_ioctl
ulite_console_setup:ulite_request_port:uart_ioctl
_extract_crng:crng_reseed:random_ioctl
f2fs_fallocate:punch_hole.69376:f2fs_ioctl
sb1000_dev_ioctl:card_send_command:sb1000_dev_ioctl
ttm_bo_swapout_all:ttm_bo_swapout:ttm_mem_global_alloc_zone
policy_get_link:nd_jump_link:proc_map_files_get_link
sctp_unregister_app:ip_vs_proto_data_get:do_ip_vs_get_ctl
ext4_xattr_set_handle:ext4_mark_iloc_dirty:ext4_ioctl
vlan_dev_set_mac_address:dev_uc_del:rtnl_fdb_del
snapshot_release:swsusp_free:snapshot_ioctl
mtrr_close:mtrr_del:mtrr_ioctl
compat_nf_getsockopt:do_arpt_get_ctl:compat_do_arpt_get_ctl
parse_mount_options.71016:ceph_parse_options:do_rbd_add
ceph_sync_read:filemap_write_and_wait_range:f2fs_ioctl
perf_event_alloc:get_callchain_buffers:stack_map_alloc
erst_writer:erst_write:erst_dbg_write
blk_lookup_devt:disk_get_part:blkdev_ioctl
ida_pre_get:kmem_cache_alloc_trace:dn_nl_newaddr
gfs2_create_inode:gfs2_set_aops:gfs2_ioctl
kcm_ioctl:bpf_prog_get_type_dev:__se_sys_bpf
device_node_string:strspn:do_rbd_add
usbatm_usb_disconnect:atm_dev_deregister:atmtcp_ioctl
ip6t_register_table:xt_alloc_table_info:compat_do_ip6t_set_ctl
_snd_emu10k1_init_efx:snd_emu10k1_fx8010_tram_setup:snd_emu10k1_fx8010_ioctl
btrfs_mount_root:btrfs_scan_one_device:btrfs_control_ioctl
prism2_close:hostap_deauth_all_stas:hostap_ioctl
ima_add_template_entry:tpm_pcr_extend:trusted_update
drop_partitions:delete_partition:blkdev_ioctl
uart_add_one_port:serial8250_pm:uart_proc_show
rpc_create_cache_dir:fsnotify:do_handle_open
hpsa_ioctl:__enqueue_cmd_and_start_io:hpsa_ioctl
btrfs_mount:vfs_kern_mount:do_mount
btrfs_init_dev_replace:btrfs_find_device:btrfs_ioctl_resize
uart_tiocmget:cdns_uart_get_mctrl:uart_proc_show
vlan_device_event:unregister_vlan_dev:vlan_ioctl_handler
mmc_blk_release:mmc_blk_put:mmc_blk_ioctl
vcc_connect:atm_dev_lookup:atmtcp_ioctl
__wimax_state_change:netif_tx_wake_queue:sbni_ioctl
security_file_open:__fsnotify_parent:do_handle_open
invalidate_partition:__invalidate_device:nbd_ioctl
hci_mgmt_cmd:__hci_send_to_channel:hci_sock_bind
lo_ioctl:set_device_ro:blkdev_ioctl
ceph_init_inode_acls:set_cached_acl:v9fs_xattr_set_acl
mmc_blk_ioctl_multi_cmd:blk_put_request:generic_ide_ioctl
airo_set_multicast_list:issuecommand:airo_ioctl
load_image_and_restore:hibernation_restore:snapshot_ioctl
posix_acl_chmod:xfs_set_acl:set_posix_acl
mac802154_wpan_ioctl:_dev_warn:nvme_user_cmd
atm_dev_ioctl:lanai_dev_close:atmtcp_ioctl
a2mp_getampassoc_rsp:hci_dev_get:hci_sock_bind
ipip6_tunnel_uninit:ipip6_tunnel_del_prl:ipip6_tunnel_ioctl
evm_update_evmxattr:integrity_iint_find:ima_inode_removexattr
pci200_open:pci200_set_iface:pci200_ioctl
ovl_other_xattr_set:ovl_xattr_set:ovl_posix_acl_xattr_set
hci_sock_ioctl:__get_task_comm:hci_sock_bind
cachefiles_read_or_alloc_pages:ext4_bmap:do_vfs_ioctl
__vcc_connect:atm_init_aal5:atmtcp_ioctl
br_dev_ioctl:br_get_port:br_dev_ioctl
lmc_close:lmc_hssi_set_link_status:lmc_ioctl
rp_set_termios:configure_r_port:rp_ioctl
pirq_piix_set:pci_write_config_byte:fst_ioctl
ocfs2_inode_lock_full_nested:ocfs2_set_inode_flags:ocfs2_ioctl
btrfs_xattr_handler_set_prop:btrfs_set_prop:btrfs_ioctl
lmc_open:lmc_t1_set_crc_length:lmc_ioctl
v9fs_xattr_set_acl:v9fs_xattr_set:v9fs_xattr_set_acl
dvb_net_stop:dvb_net_feed_stop:dvb_net_do_ioctl
ipv6_flowlabel_opt:fl_lookup.507808:ipv6_flowlabel_opt
touch_atime:__mnt_drop_write:__se_sys_acct
ext2_new_inode:ext2_set_inode_flags:ext2_ioctl
rds_ib_free_frmr_list:llist_add_batch:netns_install
uverbs_get_uobject_from_file:rdma_lookup_get_uobject:ib_uverbs_ex_create_flow
xlog_do_recover:xfs_initialize_perag:xfs_growfs_data
ext4_xattr_delete_inode:ext4_get_inode_loc:ext4_ioctl
ieee802154_create:bcm_init.511411:pn_socket_create
copy_from_dinode:jfs_set_inode_flags:jfs_ioctl
pegasus_ioctl:__mii_op:pegasus_ioctl
qla4xxx_mailbox_command:qla25xx_write_nvram_data:qla2x00_sysfs_write_vpd
get_pages:write_inode_now:ubifs_ioctl
__rfcomm_release_dev:tty_port_tty_get:hdlcdev_ioctl.115140
init_mount_tree:set_fs_pwd:mntns_install
ovl_copy_up_flags:ovl_override_creds:ovl_ioctl_set_flags
dev_change_name:dev_get_valid_name:__tun_chr_ioctl
mmc_init_queue:blk_queue_max_discard_sectors:provisioning_mode_store
target_alloc_sgl:sgl_alloc_order:ipr_store_update_fw
f2fs_iget:inode_set_flags:efivarfs_file_ioctl
fscrypt_inherit_context:f2fs_set_context:fscrypt_ioctl_set_policy
dn_fib_empty_table:dn_fib_get_table:dn_fib_rtm_delroute
uart_ioctl:uart_startup:uart_ioctl
security_set:reiserfs_xattr_set:trusted_set
fscrypt_has_permitted_context:f2fs_get_context:fscrypt_ioctl_set_policy
idt77105_stop:ns_phy_put:suni_ioctl
net_ns_net_init:proc_alloc_inum:copy_cgroup_ns
qla8044_device_state_handler:qla2x00_get_flash_version:qla2x00_sysfs_write_vpd
devcgroup_online:dev_exceptions_copy:devcgroup_access_write
__wiphy_dbg:__dynamic_dev_dbg:dell_smbios_call_filter
p9_fd_create:fget:btrfs_ioctl_send
xfs_rtallocate_extent:xfs_trans_mod_sb:xfs_growfs_data
btrfs_balance:btrfs_shrink_device:btrfs_ioctl_resize
rfcomm_sock_alloc:rfcomm_dlc_alloc:__rfcomm_create_dev
total_cnt=115
Time Cost: 6817.495862 s
Done

