Permission Checks:
security_ipc_permission
check_syslog_permissions
inode_permission
security_inode_permission
__inode_permission
nfs_permission
security_file_permission
generic_permission
security_key_permission
may_create
xattr_permission
Time Cost: 9.695130 s
Done

Privileged Function Detection:
btrfs_delete_subvolume
ocfs2_init_dinode_extent_tree
ocfs2_create_refcount_tree
ovl_override_creds
revert_creds
forget_all_cached_acls
fuse_do_getattr
generic_permission
config_item_get
kmem_cache_alloc_trace
nvmet_allowed_hosts_allow_link
target_fabric_mappedlun_link
pci_epc_epf_link
uvcg_control_class_allow_link
target_fabric_port_link
config_usb_cfg_link
os_desc_link
nvmet_port_subsys_allow_link
uvcg_streaming_class_allow_link
nvmet_allowed_hosts_drop_link
target_fabric_mappedlun_unlink
target_fabric_port_unlink
os_desc_unlink
uvcg_streaming_header_drop_link
nvmet_port_subsys_drop_link
config_item_put
idr_alloc_cyclic
fsnotify_init_mark
inotify_remove_from_idr
fsnotify_find_mark
fsnotify_put_mark
security_inode_getxattr
f_hidg_poll
hfsplus_mkdir
jfs_rename
btrfs_tmpfile
efivarfs_create
orangefs_rename
dlmfs_mkdir
hfs_create
reiserfs_symlink
affs_rename2
omfs_create
hfsplus_create
switchtec_dev_poll
f2fs_mkdir
ovl_create
v9fs_vfs_mknod_dotl
hfsplus_readdir
xfs_vn_create
minix_create
ufs_create
hugetlbfs_symlink
exofs_create
msdos_create
d_move
ovl_copy_file_range
gfs2_create
f2fs_create
hpfs_readdir
btrfs_fallocate
v9fs_vfs_create
xfs_vn_symlink
bfs_create
btrfs_create
unlazy_walk
cm4040_poll
dcache_readdir
ocfs2_file_dedupe_range
xfs_file_dedupe_range
shmem_create
lineevent_poll
tracing_buffers_poll
jfs_mkdir
hfsplus_link
ocfs2_file_clone_range
nfs42_clone_file_range
xfs_file_clone_range
nfs4_copy_file_range
ocfs2_readdir
do_splice_direct
pp_poll
_ctl_poll
security_bpf_prog
ovl_fallocate
f2fs_symlink
goldfish_pipe_poll
configfs_readdir
f2fs_fallocate
reiserfs_create
hfs_readdir
__fsnotify_parent
hid_sensor_custom_poll
fsnotify
sonypi_misc_poll
divas_poll
vfat_mkdir
vmw_fops_poll
f2fs_tmpfile
ramfs_mkdir
divas_poll.388898
iio_buffer_poll
security_file_permission
cifs_clone_file_range
ecryptfs_readdir
affs_readdir
tracing_poll_pipe
empty_dir_readdir
hpfs_create
xfs_vn_rename
dlmfs_create
tun_chr_poll
config_usb_cfg_unlink
ipmi_poll.97501
mport_cdev_poll
snd_rawmidi_poll
dvb_frontend_poll
hpet_poll
usblp_poll
shmem_mknod
kernfs_iop_mkdir
cachefiles_daemon_poll
__is_local_mountpoint
uhid_char_poll
rtc_dev_poll
btrfs_release_path
binder_poll
ubifs_symlink
xfs_vn_link
ib_uverbs_comp_event_poll
ld_usb_poll
hugetlbfs_mknod
snd_seq_poll
ecryptfs_create
dlmfs_file_poll
nilfs_link
__audit_inode_child
kmsg_poll
dvb_audio_poll
hung_up_tty_poll
vhost_net_chr_poll
ocfs2_fallocate
hugetlbfs_fallocate
ovl_symlink
btrfs_link
ib_umad_poll
rpc_pipe_poll
smsdvb_stats_poll
ceph_create
vxfs_readdir
hidraw_poll
ipmi_poll
tomoyo_poll
nfs_create
roccat_poll
shmem_mkdir
jfs_create
wdm_poll
v9fs_vfs_link
mbox_test_message_poll
tower_poll
bpf_prog_inc
dm_poll
joydev_poll
bpf_symlink
ext4_create
fuse_readdir
relay_file_poll
sock_poll
hfsplus_symlink
usbdev_poll
printer_poll
sysv_mkdir
hugetlbfs_create
mounts_poll
phantom_poll
afs_mkdir
gnss_poll
proc_ns_dir_readdir
mqueue_create
affs_create
dvb_ca_en50221_io_poll
cec_poll
coda_create
snd_timer_user_poll
rfkill_fop_poll
vcs_poll
ts_poll.343174
eventfd_poll
cifs_mknod
iio_event_poll
erofs_readdir
afs_create
__sb_end_write
proc_readfd
dma_buf_poll
minix_link
port_fops_poll
input_proc_devices_poll
snd_compr_poll
hpfs_mkdir
get_mm_exe_file
dvb_video_poll
vtpm_proxy_fops_poll
btrfs_symlink
mon_bin_poll
ca8210_test_int_poll
megasas_mgmt_poll
devkmsg_poll
configfs_create_link
batadv_socket_poll
pipe_poll
minix_symlink
userio_char_poll
tap_poll
bad_inode_mknod
jffs2_create
ceph_link
rpmsg_eptdev_poll
batadv_log_poll
vmci_host_poll
gfs2_mkdir
jfs_readdir
dvb_dvr_poll
vhci_poll
fsnotify_get_mark
ocfs2_mkdir
bpf_prog_get_ok
sysv_create
isdn_divert_poll
proc_map_files_readdir
xenbus_file_poll
uinput_poll
set_fs_pwd
cifs_copy_file_range
scif_fdpoll
cache_poll_procfs
tty_poll
fuse_file_poll
fanotify_poll
dev_poll
css_tryget_online_from_dir
capi_poll
usb_device_poll
usbtmc_poll
gfs2_symlink
iowarrior_poll
fdtv_ca_io_poll
uleds_poll
odev_poll
xillybus_poll
comp_poll
media_poll
ovl_dedupe_file_range
ramfs_create
f2fs_mknod
random_poll
ucma_poll
proc_reg_poll
qib_poll
orangefs_create
btrfs_clone_file_range
proc_sys_poll
nfs_mkdir
serio_raw_poll
btrfs_mknod
crtc_crc_poll
__sb_start_write
bad_inode_create
ubifs_create
coda_rename
hfi1_poll
ceph_readdir
uio_poll
ovl_mkdir
ppp_poll
shrink_dcache_parent
v9fs_dir_readdir
mISDN_poll
ufs_symlink
ext4_symlink
follow_managed
inode_owner_or_capable
nilfs_create
ib_uverbs_async_event_poll
xfs_file_fallocate
mce_chrdev_poll
udf_link
udf_create
device_poll
sg_poll
__mnt_is_readonly
mei_poll
ilo_poll
vga_arb_fpoll
dvb_demux_poll
coda_psdev_poll
mdstat_poll
snd_pcm_oss_poll
signalfd_poll
lis3lv02d_misc_poll
mousedev_poll
cifs_create
pps_cdev_poll
security_inode_create
ceph_mkdir
jffs2_symlink
snd_ctl_poll
ufs_mknod
ext4_mknod
ir_lirc_poll
v4l2_poll
userfaultfd_poll
proc_tgid_base_readdir
qnx6_readdir
orangefs_devreq_poll
btrfs_dedupe_file_range
ocfs2_symlink
ffs_ep0_poll
shm_fallocate
hpfs_mknod
cache_poll_pipefs
ecryptfs_miscdev_poll
perf_poll
ceph_symlink
tracefs_syscall_mkdir
gfs2_fallocate
drm_poll
nosy_poll
dvb_ca_poll
ns_revision_poll
cros_ec_console_log_poll
ceph_fallocate
f2fs_link
hid_debug_events_poll
vfat_create
blkdev_fallocate
ext2_symlink
ext4_fallocate
ocfs2_create
inotify_poll
minix_tmpfile
d_alloc
jfs_mknod
shmem_tmpfile
f2fs_readdir
isofs_readdir
kernfs_fop_readdir
ep_eventpoll_poll
set_fs_root
snd_disconnect_poll
cifs_fallocate
ubifs_tmpfile
xfs_vn_tmpfile
udf_tmpfile
__audit_inode
link_path_walk
jffs2_readdir
down_write_killable
trailing_symlink
uvcg_streaming_class_drop_link
simple_rename
jffs2_mknod
squashfs_readdir
ocfs2_mknod
hfsplus_mknod
v9fs_vfs_symlink_dotl
nfs_mknod
ceph_mknod
jffs2_mkdir
security_inode_link
sysv_mknod
rt2x00debug_poll_queue_dump
udf_mknod
ext2_mknod
hiddev_poll
ecryptfs_mknod
configfs_dirent_is_ready
nilfs_rename
ramfs_mknod
minix_mkdir
ocfs2_create_inode_in_orphan
gfs2_mknod
reiserfs_mknod
hfs_rename
evdev_poll
xfs_vn_mkdir
ufs_readdir
reiserfs_readdir
fuse_mknod
xfs_vn_mknod
ts_poll
v9fs_vfs_mkdir
exofs_mknod
minix_mknod
take_dentry_name_snapshot
ovl_mknod
btrfs_mkdir
fw_device_op_poll
nilfs_mknod
pci_epc_epf_unlink
fuse_file_fallocate
coda_return_EIO
security_inode_mknod
__devcgroup_check_permission
__cgroup_bpf_check_dev_permission
ext4_mkdir
fat_fallocate
ufs_mkdir
orangefs_mkdir
ext2_mkdir
proc_attr_dir_readdir
snd_hwdep_poll
ecryptfs_mkdir
timerfd_poll
configfs_mkdir
coda_mkdir
reiserfs_mkdir
v9fs_vfs_mknod
ns_mkdir_op
hfs_mkdir
ubifs_mknod
bpf_mkdir
fuse_mkdir
v9fs_vfs_mkdir_dotl
hfsplus_rename
comedi_poll
udf_readdir
btrfs_search_slot
swaps_poll
nilfs_mkdir
ecryptfs_symlink
cifs_mkdir
ubifs_mkdir
omfs_mkdir
shmem_fallocate
affs_mkdir
exofs_mkdir
hugetlbfs_mkdir
ufs_link
ext4_link
msdos_mkdir
bad_inode_mkdir
proc_root_readdir
jffs2_rename
nfs42_fallocate
acpi_aml_poll
v9fs_vfs_symlink
jfs_link
__break_lease
configfs_symlink
exofs_symlink
hpfs_rename
coda_symlink
f2fs_rename2
ramfs_symlink
nilfs_symlink
orangefs_symlink
kernfs_fop_poll
udf_symlink
v9fs_vfs_create_dotl
cifs_symlink
bad_inode_symlink
nfs_readdir
sysv_symlink
shmem_symlink
nfs_symlink
afs_readdir
proc_readdir
uvcg_streaming_header_allow_link
hpfs_symlink
v9fs_vfs_rename
touch_atime
efs_readdir
affs_symlink
reiserfs_link
fuse_symlink
security_inode_symlink
autofs_dir_symlink
uvcg_control_class_drop_link
afs_symlink
coda_link
ovl_link
release_dentry_name_snapshot
xfs_file_readdir
um_idi_poll
ntfs_readdir
ubifs_link
coda_readdir
ext2_link
nfs_link
sync_file_poll
ecryptfs_link
xen_mce_chrdev_poll
ext4_tmpfile
fuse_link
msdos_rename
afs_link
autofs_dir_mkdir
snd_info_entry_poll
security_inode_mkdir
simple_link
security_inode_rename
bad_inode_link
ocfs2_link
jffs2_link
omfs_readdir
v9fs_vfs_link_dotl
sysv_link
shmem_link
ovl_clone_file_range
gfs2_link
cifs_hardlink
bfs_link
mqueue_poll_file
affs_link
exofs_link
ext2_create
ubifs_readdir
ihold
fsnotify_get_cookie
ext2_rename
vfat_rename
fuse_create
isdn_poll
ext4_rename2
bpf_map_inc
ufs_rename
ceph_rename
fuse_rename2
omfs_rename
btrfs_rename2
exofs_rename
minix_rename
__detach_mounts
ovl_rename
afs_rename
cifs_rename2
nfs_rename
fsnotify_recalc_mask
ocfs2_rename
idr_preload
sysv_rename
gfs2_rename2
reiserfs_rename
udf_rename
kernfs_iop_rename
ecryptfs_rename
bad_inode_rename2
bfs_rename
d_exchange
proc_sys_readdir
ext2_readdir
jfs_symlink
shmem_rename2
softsynth_poll
qnx4_readdir
down_read_killable
btrfs_real_readdir
proc_task_readdir
proc_readfdinfo
evtchn_poll
sysv_readdir
security_inode_getsecurity
proc_tid_base_readdir
romfs_readdir
v9fs_dir_readdir_dotl
fat_readdir
udf_mkdir
gfs2_readdir
bad_inode_tmpfile
cramfs_readdir
ext2_tmpfile
proc_tgid_net_readdir
__check_sticky
adfs_readdir
nilfs_readdir
minix_readdir
fuse_dev_poll
exofs_readdir
bfs_readdir
befs_readdir
cifs_readdir
ubifs_rename
ext4_readdir
orangefs_dir_iterate
ovl_iterate
priv_func_num=587
Time Cost: 1250.894919 s
Done

Constraint-based Analysis:
stp_policy_node_lookup:config_item_get:configfs_symlink
ovl_copy_up_data:do_splice_direct:vfs_copy_file_range
debugfs_rename:fsnotify_get_cookie:vfs_rename
security_file_open:__fsnotify_parent:iterate_dir
perf_event_alloc:css_tryget_online_from_dir:memcg_write_event_control
mlx5e_open_channels:bpf_prog_inc:bpf_prog_get_type_path
ceph_fill_trace:d_move:vfs_rename
ida_pre_get:kmem_cache_alloc_trace:configfs_symlink
ovl_copy_up_flags:ovl_override_creds:ovl_permission
rpc_create_cache_dir:d_alloc:vfs_tmpfile
path_lookupat:follow_managed:path_openat
nfp_ndo_bpf:bpf_map_inc:bpf_obj_get_user
reiserfs_xattr_init:bad_inode_mkdir:vfs_mkdir
init_mount_tree:set_fs_pwd:__ia32_sys_fchdir
xattr_lookup:ocfs2_create:vfs_create
handle_cap_grant:forget_all_cached_acls:fuse_permission
path_openat:link_path_walk:path_openat
stp_policy_node_put:config_item_put:configfs_symlink
fd_execute_unmap:ocfs2_fallocate:vfs_fallocate
configfs_unlink:nvmet_allowed_hosts_drop_link:configfs_symlink
unix_find_other:touch_atime:iterate_dir
sctp_assoc_set_id:idr_alloc_cyclic:__se_sys_inotify_add_watch
ocfs2_ioctl_move_extents:ocfs2_init_dinode_extent_tree:ocfs2_reflink_ioctl
fuse_getattr:fuse_do_getattr:fuse_permission
xfs_break_leased_layouts:__break_lease:vfs_rename
ceph_permission:generic_permission:fuse_permission
d_invalidate:__detach_mounts:vfs_rename
inotify_ignored_and_remove_idr:inotify_remove_from_idr:__se_sys_inotify_add_watch
vfio_pin_pages_remote:down_write_killable:iterate_dir
dns_query:revert_creds:ovl_permission
__blkdev_get:__cgroup_bpf_check_dev_permission:vfs_mknod
total_cnt=31
Time Cost: 1555.238366 s
Done

