Permission Checks:
security_task_getioprio
security_inode_mknod
security_task_getscheduler
security_binder_transaction
security_inode_setattr
security_inode_readlink
security_inode_getsecurity
security_socket_recvmsg
security_sb_parse_opts_str
security_msg_queue_alloc
security_task_setpgid
security_task_kill
security_getprocattr
security_socket_connect
security_bprm_set_creds
security_path_chroot
security_file_ioctl
security_sb_alloc
security_socket_bind
security_file_fcntl
security_sock_rcv_skb
security_shm_shmctl
security_kernel_create_files_as
security_sb_umount
security_path_unlink
security_task_fix_setuid
security_vm_enough_memory_mm
security_sem_associate
security_file_send_sigiotask
security_sb_pivotroot
security_prepare_creds
security_quotactl
security_inode_rmdir
security_path_rename
security_inode_copy_up_xattr
security_socket_post_create
security_old_inode_init_security
security_task_movememory
security_audit_rule_match
security_key_alloc
security_socket_getpeersec_stream
security_inode_listxattr
security_inode_link
security_socket_getpeersec_dgram
security_sk_alloc
security_task_setrlimit
security_path_rmdir
security_ismaclabel
security_inode_rename
security_path_symlink
security_task_prctl
security_inode_getxattr
security_task_getsid
security_dentry_init_security
security_inode_removexattr
security_sb_mount
security_unix_may_send
security_sem_alloc
security_inode_killpriv
security_inode_init_security
security_msg_queue_associate
security_secid_to_secctx
security_inode_symlink
security_msg_msg_alloc
security_inode_create
security_inode_getsecctx
security_ipc_permission
security_setprocattr
security_file_open
security_path_link
security_key_permission
security_inode_listsecurity
security_capable
security_file_lock
security_task_setscheduler
security_socket_accept
security_inode_setsecctx
security_path_chmod
security_sb_show_options
security_task_create
security_capable_noaudit
security_file_permission
security_tun_dev_attach
security_inode_alloc
security_audit_rule_init
security_sb_remount
security_file_alloc
security_kernel_act_as
security_shm_alloc
security_capget
security_bprm_check
security_sb_copy_data
security_inode_setxattr
security_netlink_send
security_binder_transfer_binder
security_ptrace_access_check
__ptrace_may_access
security_kernel_read_file
security_path_mkdir
security_path_chown
security_syslog
security_secctx_to_secid
security_xfrm_state_pol_flow_match
security_shm_associate
security_quota_on
security_kernel_post_read_file
security_inode_getattr
security_tun_dev_create
security_inode_need_killpriv
security_file_mprotect
security_xfrm_state_alloc_acquire
security_sem_semctl
security_mmap_file
security_task_setioprio
security_xfrm_policy_lookup
security_binder_set_context_mgr
security_msg_queue_msgrcv
security_audit_rule_known
security_xfrm_state_alloc
security_mmap_addr
security_msg_queue_msgsnd
security_settime64
security_secmark_relabel_packet
security_xfrm_policy_alloc
security_tun_dev_attach_queue
security_inode_notifysecctx
security_task_setnice
security_tun_dev_alloc_security
security_xfrm_decode_session
security_socket_shutdown
security_path_mknod
security_xfrm_state_delete
security_key_getsecurity
security_file_receive
security_dentry_create_files_as
security_socket_setsockopt
security_msg_queue_msgctl
security_socket_getsockname
security_sem_semop
security_inet_conn_request
security_inode_unlink
security_cred_alloc_blank
security_task_wait
security_shm_shmat
security_tun_dev_open
security_task_getpgid
security_bprm_secureexec
security_xfrm_policy_delete
security_path_truncate
security_inode_mkdir
security_sb_statfs
security_kernel_module_request
security_socket_create
security_sb_kern_mount
security_xfrm_policy_clone
security_socket_sendmsg
security_inode_permission
security_sb_clone_mnt_opts
security_unix_stream_connect
security_inode_follow_link
security_socket_getpeername
security_sb_set_mnt_opts
security_socket_getsockopt
security_inode_setsecurity
security_socket_listen
security_inode_copy_up
security_binder_transfer_file
security_ptrace_traceme
security_capset
Time Cost: 10.034104 s
Done

Privileged Function Detection:
netlbl_unlhsh_add
secure_dccp_sequence_number
xfrm_state_add
__xfrm_state_destroy
xfrm_state_update
refcount_dec_checked
fl6_update_dst
cookie_ecn_ok
init_peercred
cctrl_tbl_open
__sb_start_write
as102_open
timerslack_ns_open
sel_open_avc_cache_stats
configfs_get_link
fault_open
generic_listxattr
ath10k_tpc_stats_open
mmc_ios_open
__detach_mounts
tracing_trace_options_open
snd_open
fops_u32_wo_open
xenvif_io_ring_open
viafb_dfpl_proc_open
sensors_open
tlclk_open
xfs_dir_open
device_oldest_requests_open
d_move
hfi1_file_open
blkdev_open
stmmac_sysfs_ring_open
capi_open
device_open
unix_stream_connect
debug_bandwidth_open
ether_setup
fops_x64_open
sisusb_open
ucd9000_debugfs_mfr_status_bit_open
seq_profile_hash_open
ecryptfs_getattr
dvb_video_open
mps_trc_open
rss_pf_config_open
proc_seq_open
md_seq_open
fops_x32_ro_open
f2fs_mknod
f2fs_dir_open
cifsFYI_proc_open
xfs_vn_getattr
mISDN_sock_recvmsg
picolcd_debug_reset_open
lpfc_idiag_open
seq_open_net
memory_open
prism2_download_aux_dump_proc_open.272366
proc_notify_change
base_sock_bind
cim_ibq_open
afs_dir_open
pinconf_pins_open
ptdump_open
v9fs_dir_readdir
dwc3_tx_request_queue_open
stats_open
bfad_debugfs_open_fwsave
fops_incomplete_write_byte_open
affs_rmdir
tun_chr_open
xenbus_file_open
fops_u8_ro_open
ipcperms
mmc_rpmb_chrdev_open
fusb302_debug_open
caps_show_open
callback_history_open
pvc_getsockopt
drm_open
netlink_recvmsg
conn_min_interval_fops_open
security_inode_getsecctx
ath10k_fw_stats_open
fops_atomic_t_ro_open
qib_diag_open
tty_open
proc_sys_getattr
debug_async_open
fwtty_stats_open
sg_proc_single_open_adio
fuse_open
override_creds
pn_socket_accept
regulator_summary_open
qla2x00_dfs_tgt_sess_open
flashcontrol_open
at86rf230_stats_open
ext4_file_getattr
wil_status_msg_seq_open
msdos_create
iwl_mvm_d3_test_open
proc_BSSList_open
input_proc_devices_open
port_fops_open
firmware_info_open
ima_post_path_mknod
uleds_open
environ_open
fuse_listxattr
fops_ulong_wo_open
afs_setattr
u32_array_open
pppoe_connect
sonypi_misc_open
__set_task_comm
pppoe_release
pinctrl_groups_open
smbd_send_credit_target_open
dwc3_event_queue_open
sky2_debug_open
btrfs_listxattr
ext4_quota_off
rpmsg_eptdev_open
subsystem_open
sco_debugfs_open
adv_channel_map_fops_open
ulprx_la_open
ftrace_event_set_pid_open
smbd_receive_credit_max_open
sched_autogroup_open
data_sock_getsockopt
suspend_stats_open
adf_ring_open
nv_tco_open
fault_opcodes_open
put_rpccred
mboxlog_open
sock_common_setsockopt
qla2x00_dfs_fce_open
proc_config_open
ieee802154_create
pinctrl_pins_open
clear_warn_once_fops_open
proc_single_open
keys_proc_open
rpc_lookup_cred
nd_open
configfs_open_bin_file
xfs_fs_get_quota_state
exports_proc_open
zoran_open
coda_link
lp_open
mpx_disable_management
pm_qos_dbg_open
dvb_audio_open
clk_flags_open
brcms_debugfs_entry_open
vsock_stream_getsockopt
qat_dev_cfg_open
fops_u64_wo_open
ep_open.405525
ceph_link
command_file_open
ide_settings_proc_open
smk_open_net4addr
hfs_mkdir
unix_shutdown
lowpan_ctx_pfx_open
v9fs_vfs_get_link
open_proxy_open
netlink_setsockopt
vm_stat_fops_open
shmem_getattr
eurwdt_open
mt7601u_ampdu_stat_open
nfs4_do_set_security_label
ocfs2_rename
osd_uld_open
asl_open
wil_info_seq_open
soundcore_open
sc1200wdt_open
rpa_timeout_fops_open
__cgroup_bpf_run_filter_sock_ops
count_threshold_ops_open
spidev_open
pmc_pss_state_open
tpm_open
pmc_dev_state_open
input_proc_handlers_open
proc_setgroups_open
nfs_namespace_setattr
hidraw_open
dccp_v6_send_response
vhci_open
debug_shrink_fops_open
features_open
wdtpci_temp_open
mic_msi_irq_info_debug_open
osdc_show_open
epx_c3_open
proc_bus_pci_open
reiserfs_file_open
rxrpc_recvmsg
snd_rawmidi_open
fops_x8_ro_open
ceph_open
f2fs_encrypted_get_link
ufs_mkdir
fw_mgmt_open
pc87413_open
sco_sock_bind
debug_stats_open
uuid_parse
qcaspi_info_open
proc_single_open.28967
pktgen_if_open
mmc_dbg_card_status_fops_open
bnad_debugfs_open_reg
stat_open.70672
wb_smsc_wdt_open
hugetlbfs_setattr
debugfs_status_open
adis16136_flash_count_fops_open
ddebug_proc_open
cache_open_pipefs
mousedev_open
pmc_core_mphy_pg_sts_open
scif_dev_test_open
relay_file_open
ab3100_registers_open
goldfish_pipe_open
dlmfs_mkdir
switchtec_dev_open
batadv_log_open
afs_statfs
watchdog_open.378566
kfd_debugfs_open
wil_srings_seq_open
gntalloc_open
fops_x16_open
f2fs_symlink
supported_enctypes_open
xfs_fs_get_nextdqblk
vsock_dgram_connect
fops_ul_open
axis_fifo_open
hfs_file_open
lowpan_context_open
p2m_dump_open
tp_stats_open
table_open4
mon_stat_open
interfaces_open
jffs2_mkdir
snd_seq_open
cookie_v4_init_sequence
debugfs_mode_fops_open
proc_tgid_net_readdir
fc_open
dai_list_open
rawsock_connect
_opcode_stats_open
reiserfs_rmdir
vfs_unlink
hugetlbfs_statfs
nsim_debugfs_bpf_string_open
bus_info_debugfs_open
vcc_sendmsg
pmc_core_pll_open
proc_scsi_open
dn_create
resolv_list_open
minix_mkdir
qla_dfs_tgt_counters_open
dev_class_open
fwtty_peers_open
nfsd_pool_stats_open
mpx_enable_management
watchdog_open.370816
fme_open
minix_create
sw_sync_debugfs_open
snd_hwdep_open
telem_pss_state_open
wil_mbox_seq_open
bfad_debugfs_open_reg
advwdt_open
rbtree_open
dac960_user_command_proc_open
dwc3_mode_open
omfs_readdir
dbg_tps_open
tcp_v4_init_seq
sel_open_handle_status
ext4_rename2
pti_char_open
open_file_regdump
fops_x16_ro_open
f2fs_unlink
seq_rawdata_hash_open
ftrace_formats_open
cma_debugfs_fops_open
wil_compressed_rx_status_seq_open
inet_getname
static_address_open
wakeup_sources_stats_open
afs_symlink
ext2_listxattr
lpfc_debugfs_nvmektime_open
ecryptfs_dir_open
pps_cdev_open
fops_x16_wo_open
scif_rma_test_open
f2fs_mkdir
sysvipc_proc_open
nvmf_dev_open
monitor_device_open
put_cmsg
nbd_dbg_tasks_open
auto_accept_delay_fops_open
page_get_link
hid_sensor_custom_open
hfsplus_mkdir
clk_summary_open
open_kcore
fops_u32_ro_open
rfcomm_dlc_debugfs_open
cifs_stats_proc_open
isofs_readdir
userio_char_open
dccp_v4_send_response
cosm_force_reset_debug_open
severities_coverage_open
cuse_open
smaps_rollup_open
pp_open
mic_intr_test_open
wil_freq_seq_open
cifs_open
genpd_idle_states_open
dvb_frontend_open
adf_bank_open
mountinfo_open
sl811h_debug_open
fitpc2_wdt_open
pid_smaps_open
tap_recvmsg
vcpu_tsc_scaling_fops_open
ntfs_readdir
status_fops_open
tipc_sk_create
wil_mids_seq_open
mt7601u_eeprom_param_open
cma_maxchunk_fops_open
inet_release
no_open
cma_alloc_fops_open
drm_stub_open
rproc_carveouts_open
adis16480_serial_number_fops_open
ath6kl_regdump_open
lpfc_debugfs_dumpData_open
efi_capsule_open
nilfs_readdir
eps_dbg_open
gpio_chrdev_open
cifs_mknod
llcp_sock_accept
mprotect_fixup
xen_mce_chrdev_open
adis16400_product_id_fops_open
single_open_net
clk_duty_cycle_open
vmballoon_debug_open
tpm_bios_measurements_open
hugetlbfs_mknod
cgroup_taskset_next
tcpm_debug_open
simple_read_from_buffer
content_open_procfs
wdtpci_open
fat_statfs
ddb_open
agp_open
debug_registers_open.303102
x25_create
dquot_file_open
follow_managed
acpi_aml_open
goldfish_audio_open
adu_open
pg_open
aoechr_open
fake_panic_fops_open
nfs_opendir
telem_soc_state_open
isp116x_debug_open
fops_u64_wo_open.396064
inet_stream_connect
dvb_generic_open
mtdchar_open
seq_ns_stacked_open
misc_fops_open
acpi_battery_alarm_proc_open
cw1200_status_open
intel_th_output_open
cec_error_inj_open
debug_async_open.305302
affs_file_open
pvc_connect
data_sock_bind
fops_x8_open
lpfc_debugfs_nodelist_open
nitrox_open
rt2x00debug_file_open
pwm_seq_open
ctl_device_open
snd_timer_user_open
wil_bf_seq_open
proc_uid_map_open
telem_ioss_state_open
shmem_kernel_file_setup
usb_pcwd_open
ovl_dir_open
ocfs2_fallocate
inet_create
clk_dump_open
um_idi_open
xenvif_ctrl_open
conn_info_max_age_fops_open
cachefiles_daemon_open
cifs_statfs
vhost_scsi_open
atalk_bind
open_flush_pipefs
seq_profile_mode_open
wil_txdesc_seq_open
idle_timeout_fops_open
hpfs_mknod
kmsg_open
vfs_link
dvb_demux_open
content_open_pipefs
lpfc_debugfs_nvmestat_open
omfs_rename
viafb_vt1636_proc_open
mem_open.219773
table_open2
alloc_netdev_mqs
sch311x_wdt_open
gfs2_listxattr
_tx_opcode_stats_open
unix_accept
v9fs_file_open
vcpu_tsc_scaling_frac_fops_open
genwqe_debugfs_prev_regs_open
fops_u8_open
zf_open
ecryptfs_rmdir
smk_open_cipso
vcpu_stat_get_per_vm_open
minstrel_ht_stats_csv_open
reiserfs_listxattr
drm_debugfs_open
xfs_quota_disable
cifs_copy_file_range
ovl_clone_file_range
vm_stat_get_per_vm_open
table_open3
misc_open
sock_getsockopt
proc_statsdelta_open
bcm_connect
kfd_open
vsock_create
hw_params_open
rt_cache_seq_open
ips_debugfs_open
tipc_sendstream
kim_list_open
ecryptfs_miscdev_open
ucma_open
fops_scl_open
debug_periodic_open.305292
mport_cdev_open
omfs_remove
irq_debug_open
kmemleak_open
supervision_timeout_fops_open
ceph_mknod
adis16480_product_id_fops_open
orangefs_symlink
ext2_mkdir
fops_atomic_t_wo_open
tw_chrdev_open
ci_device_open
fscrypt_file_open
device_resync_extents_open
ext4_statfs
di_open
wil_link_seq_open
unlazy_walk
nfs4_file_open
dma_buf_debug_open
nfs_setattr
tipc_recvstream
tk_debug_sleep_time_open
smbd_max_send_size_open
seq_profile_name_open
rfcomm_sock_create
fops_sda_open
seq_ns_name_open
nilfs_unlink
get_next_ino
adis16136_product_id_fops_open
genpd_total_idle_time_open
cifs_mkdir
error_type_fops_open
raw_recvmsg.511403
uhci_debug_open
romfs_readdir
nfs_unlink
o2hb_debug_open
hid_debug_rdesc_open
stm_char_open
ufs_mknod
pmc_core_ppfear_sts_open
vfio_group_fops_open
ufs_create
ld_usb_open
usblp_open
nilfs_rmdir
reiserfs_quota_off
nfc_llcp_setsockopt
pinctrl_open
ubifs_symlink
usbdev_open
erst_dbg_open
ocfs2_control_open
pm_stats_open
seq_rawdata_revision_open
adv_min_interval_fops_open
ima_ascii_measurements_open
smbd_max_receive_size_open
fops_size_t_ro_open
cifs_listxattr
tracing_open_generic_tr
acq_open
open_flush_procfs
smc_connect
debug_purgelist_open
acpi_system_wakeup_device_open_fs
lcd_proc_open
rt_cpu_seq_open
smbd_max_fragmented_recv_size_open
pktgen_thread_open
kernfs_fop_open
ipc_addid
lpfc_debugfs_dumpHBASlim_open
__printk_safe_exit
proc_timers_open
hpfs_statfs
voice_setting_fops_open
mt76x0_eeprom_param_open
ext4_encrypted_get_link
hfsplus_create
fuse_setattr
audit_dupe_rule
pinconf_groups_open
smc_create
mic_smpt_debug_open
minix_link
fscache_io_error
snd_pcm_oss_open
atk_debugfs_ggrp_open
smsdvb_stats_open
prism2_download_aux_dump_proc_open.272734
kernfs_iop_rmdir
smk_open_net6addr
rfcomm_sock_accept
security_req_classify_flow
privcmd_buf_open
pt_open
pstore_unlink
llcp_sock_sendmsg
file_ra_state_init
dvb_device_open
cim_qcfg_open
stats_fop_open
chaoskey_open
complete_all
ide_drivers_open
proc_gid_map_open
dvb_ca_en50221_io_open
sched_open
protection_open
ntfs_dir_open
genpd_status_open
mt76x0_ampdu_stat_open
edid_open
inquiry_cache_open
binder_state_open
cfam_open
fmc_sdb_dump_open
rfcomm_sock_setsockopt
configfs_readdir
mboxlog_open.220516
uvc_debugfs_stats_open
ovl_symlink
minix_readdir
gfs2_readdir
xhci_context_open
yurex_open
available_error_type_open
v4l2_open
seq_ns_nsstacked_open
nilfs_mknod
seq_profile_attach_open
out_of_line_wait_on_bit
pinmux_functions_open
mounts_open
usbtmc_open
jfs_statfs
resources_open
netlink_release
cifs_security_flags_proc_open
genpd_perf_state_open
generic_file_open
musb_softconnect_open
dcache_dir_open
fops_netdev_queue_stopped_open
sg_open
nandsim_debugfs_open
sockfs_listxattr
proc_sys_open
hugetlbfs_fallocate
pzl_open
cosm_log_buf_open
snapshot_open
open_file_registers
isdn_divert_open
xprt_info_open
sel_open_policy
ext4_unlink
pstore_file_open
lpfc_debugfs_disc_trc_open
xz_dec_test_open
sg_proc_single_open_dressz
vcc_recvmsg
ubifs_dir_open
squashfs_readdir
fb_open
arch_prctl_spec_ctrl_set
vsock_accept
ci_port_test_open
irq_affinity_proc_open
powerclamp_debug_open
genpd_summary_open
snd_mixer_oss_open
osdmap_show_open
bnad_debugfs_open_drvinfo
radeon_ttm_gtt_open
scif_fdopen
bnad_debugfs_open_fwtrc
cw1200_counters_open
fops_regval_open
mwave_open
debug_level_proc_open
affs_unlink
nodes_fop_open
udelay_test_open
mt76x2_dfs_stat_open
ftrace_event_avail_open
meminfo_open
device_id_open
lowpan_short_addr_fops_open
info_proc_open
mISDN_open
arch_prctl_spec_ctrl_get
svc_release
smk_open_cipso2
vfs_mkobj
reiserfs_symlink
afs_link
hash_sendmsg_nokey
exports_nfsd_open
rose_bind
smk_open_load_self2
fops_errno_open
identity_resolving_keys_open
cros_ec_console_log_open
event_trigger_open
f2fs_get_link
telem_s0ix_fops_open
proc_projid_map_open
drbd_version_open
prctl_get_seccomp
adis16400_flash_count_fops_open
shmem_statfs
atk_debugfs_gitm_open
blk_mq_debugfs_open
tcp_v6_send_synack
pinconf_dbg_config_open
pfn_ops_open
fops_x64_wo_open
long_term_keys_open
orangefs_getattr
divas_open
pmbus_debugfs_ops_open
xsd_port_open
jfs_quota_on
cmm_open
fops_u32_open
dvb_ca_open
ns_revision_open
rfcomm_sock_listen
zs_stats_size_open
irq_affinity_list_proc_open
bank_fops_open
wdt_open.379572
ecryptfs_open
video_proc_open
l2tp_ip_getname
ip6_dst_lookup_flow
ipoib_mcg_open
pmc_core_slps0_dbg_open
vfs_kern_mount
packet_sendmsg
vga_switcheroo_debugfs_open
dst_ca_open
prctl_set_mm
pmc_core_ltr_ignore_open
cma_used_fops_open
component_devices_open
proc_wepkey_open
vcc_release
dwc3_rx_info_queue_open
seq_ns_level_open
ath10k_tpc_stats_final_open
nilfs_mkdir
reiserfs_quota_on
snd_compr_open
lpfc_debugfs_cpucheck_open
compat_alloc_user_space
blacklist_open
vol_cdev_open
smbd_keep_alive_interval_open
decay_interval_ops_open
afu_open
fops_x32_wo_open
qla_dfs_naqp_open
asic_mode_open
xhci_port_open
mraid_mm_open
kernel_to_ipc64_perm
fops_regval_open.276620
extcpu_fops_open
fops_u16_ro_open
link_keys_open
cim_pif_la_open
fop_open.379356
evm_inode_post_setattr
rndis_proc_open
wil_fw_version_seq_open
pcipcwd_temp_open
gpio_mockup_event_open
ocfs2_file_dedupe_range
printer_open
fuse_file_fallocate
vbg_misc_device_user_open
_driver_stats_names_open
ib_uverbs_open
x25_sendmsg
clk_open
ath10k_debug_cal_data_open
inet6_getname
pppol2tp_release
tipc_getsockopt
get_rr_interval_rt
adv_max_interval_fops_open
hsc_open
atalk_connect
wil_fw_capabilities_seq_open
monmap_show_open
__percpu_init_rwsem
minstrel_stats_csv_open
cache_open_procfs
watchdog_open
smk_open_load2
exofs_rmdir
cec_open
rtc_dev_open
tun_detach_all
fops_x32_open
f2fs_rename2
congestion_kb_fops_open
uio_open
btrfs_link
proc_scsi_host_open
userfaultfd_unmap_complete
auxv_open
msr_open
notify_change
set_tsc_mode
get_rr_interval_stop
squashfs_statfs
rawdata_open
udf_rmdir
get_rr_interval_fair
caif_stream_sendmsg
smbd_max_frmr_depth_open
xfs_fs_get_dqblk
shmem_fallocate
ipmi_open.97502
fops_i2400m_suspend_open
vfs_mknod
nbd_dbg_flags_open
unpoison_fops_open
mds_sessions_show_open
rose_getname
btrfs_file_open
llc_ui_shutdown
telem_ioss_trc_verb_open
dwc3_descriptor_fetch_queue_open
connector_open
telem_pss_trc_verb_open
blkdev_fallocate
cifs_lookup_cache_proc_open
selinux_is_enabled
ocfs2_dlm_debug_open
sco_sock_accept
lcd_open
ext4_create
vbg_misc_device_open
l2cap_debugfs_open
isdn_open
shm_fallocate
get_tsc_mode
walk_process_tree
conn_latency_fops_open
table_open1
tid_info_open
tcp_v4_reqsk_destructor
secure_dccpv6_sequence_number
ca8210_test_int_open
ovl_link
mmc_ext_csd_open
nosy_open
sock_no_listen
__set_cpus_allowed_ptr
tcp_v4_send_synack
wiidebug_drm_open
__send_signal
proc_mpc_open
fan_proc_open
clip_tbl_open
__sb_end_write
tower_open
sk_attach_filter
stmmac_sysfs_dma_cap_open
ilo_open
send_sig_info
sock_no_getsockopt
scr24x_open
_sdma_cpu_list_open
remote_oob_open
ubifs_mknod
adfs_statfs
viafb_iga1_odev_proc_open
ext4_link
wil_temp_seq_open
ptdump_open_efi
gfs2_set_dqblk
mtrr_open
ovl_rmdir
signal_wake_up_state
tp_la_open
fuse_dev_open
ocfs2_dir_open
registers_open
ramfs_mknod
nfs_file_open
debug_open
pinctrl_maps_open
ubifs_rmdir
ptrace_link
__put_cred
chcr_stats_open
__printk_safe_enter
move_addr_to_user
access_open
bsg_open
sniff_max_interval_fops_open
rss_open
__bitmap_and
possible_parents_open
ovl_mknod
xensyms_open
mtdswap_open
jfs_quota_off
bfad_debugfs_open_drvtrc
intel_scu_open
xfs_fs_statfs
fops_u8_wo_open
bdi_debug_stats_open
update_vsyscall_tz
genpd_active_time_open
state_dbg_open
vma_merge
gfs2_open
debugfs_open
set_dumpable
debugfs_open_regset32
finish_open
wdm_open
fjes_dbg_status_open
mic_post_code_debug_open
cim_obq_open
ext4_file_open
ceph_fallocate
fops_x8_wo_open
f2fs_create
dvb_dvr_open
ntfs_file_open
crc_control_open
jffs2_symlink
change_pid
x25_release
mon_text_open
squashfs_listxattr
_opcode_stats_open.413371
tcp_v6_reqsk_destructor
_qp_stats_open
qib_open
empty_dir_setattr
llcp_sock_getname
ubifs_getattr
stag_open
bch_dump_open
debug_periodic_open.303119
sysv_rmdir
__fsnotify_parent
bfs_readdir
proc_comm_connector
cap_open
xfs_vn_get_link
cim_la_open
cpuset_cpus_allowed
set_fs_root
dispatch_proc_open
hci_sock_recvmsg
pfkey_create
down_write_killable
__get_task_comm
vma_link
snd_info_text_entry_open
exofs_setattr
gntdev_open
tracing_buffers_open
genpd_sub_domains_open
ipoib_path_open
smc_sendmsg
kmem_cache_alloc_trace
pfkey_recvmsg
btrfs_control_open
cifs_unlink
comm_open
lowpan_ctx_flag_c_fops_open
fops_ulong_ro_open
ext4_fallocate
fops_u64_ro_open
vhost_vsock_dev_open
pkt_debugfs_fops_open
jfs_create
ovl_fallocate
take_dentry_name_snapshot
pmc_sleep_tmr_open
lru_add_drain_all
caif_stream_recvmsg
genwqe_open
udf_readdir
nfs42_fallocate
export_features_open
rose_create
supply_map_open
ext4_listxattr
media_open
l3mdev_master_ifindex_rcu
uhid_char_open
tcp_v6_route_req
debug_state_open
tracing_time_stamp_mode_open
coda_open
gasket_open
rds_bind
update_rlimit_cpu
hid_debug_events_open
mipi_dbi_debugfs_command_open
fifo_open
synd_fops_open
cifs_symlink
genwqe_debugfs_prev_dbg_uid2_open
ib_umad_sm_open
kim_version_open
wil_fops_ulong_open
llc_ui_sendmsg
asr_open
rsxx_attr_pci_regs_open
btrfs_rename2
ocfs2_file_open
pmbus_debugfs_ops_status_open
dlmfs_file_open
chrdev_open
nouveau_debugfs_pstate_open
info_debugfs_open
fops_regval_open.277053
nfp_net_debugfs_rx_q_open
cim_ma_la_open
batadv_socket_open
cpuset_mems_allowed
ovl_mkdir
debug_mle_open
fw_device_op_open
mtf_test_open
bnad_debugfs_open_fwsave
megadev_open
jffs2_setattr
ali_open
scom_open
debugfs_cfg_open
bpffs_obj_open
proc_stats_open
ieee802154_sock_sendmsg
rpmsg_ctrldev_open
__bitmap_subset
kallsyms_open
atalk_getname
sched_group_set_shares
hrtimer_start_range_ns
bad_file_open
vsock_listen
wil_sta_seq_open
autofs_dir_open
tracing_saved_tgids_open
ci_qheads_open
display_open
exofs_statfs
array_open
fops_x64_ro_open
lis3lv02d_misc_open
audit_panic
do_splice_direct
ext4_setattr
tracing_open_pipe
trailing_symlink
vcpu_stat_fops_open
fnic_trace_debugfs_open
__getparam_dl
skcipher_recvmsg
security_release_secctx
ecryptfs_get_link
fnic_stats_debugfs_open
debug_periodic_open
ppp_open
cmtp_sock_release
connection_oldest_requests_open
dm_open
genwqe_debugfs_prev_dbg_uid1_open
ovl_open
devlog_open
btrfs_real_readdir
get_rr_interval_idle
queues_dbg_open
iowarrior_open
xenbus_backend_open
hwsim_fops_group_open
aoe_debugfs_open
exofs_mknod
fsnotify
ptdump_open_curknl
debug_seq_open
hiddev_open
wmi_char_open
cpuinfo_open
snd_info_entry_open
nr_recvmsg
rpc_info_open
v9fs_vfs_get_link_dotl
ima_open_policy
aa_sfs_seq_open
fuse_dir_open
hfsplus_mknod
error_inject_fops_open
raw_getsockopt.511401
idmouse_open
ipc_rcu_putref
phantom_open
sctp_getname
wr_log_open
smo8800_misc_open
viafb_dvp1_proc_open
idetape_chrdev_open
proc_SSID_open
pgctrl_open
do_mmap
udf_mknod
iosf_mcr_fops_open
nr_accept
qla_dfs_fw_resource_cnt_open
hwpoison_fops_open
mdsmap_show_open
st_open
tomoyo_open
vfat_rmdir
stat_open
l2tp_ip6_getname
viafb_dvp0_proc_open
tcp_v4_route_req
genwqe_debugfs_curr_dbg_uid1_open
ext2_quota_on
mem_open
efi_test_open
ntp_servers_seq_open
tipc_send_packet
pppol2tp_connect
f2fs_file_open
ecryptfs_mkdir
efs_readdir
dwc3_trb_ring_open
radeon_ttm_vram_open
conn_max_interval_fops_open
proc_self_get_link
roccat_open
bpffs_map_open
grp_opt_proc_open
bfad_debugfs_open_fwtrc
gdth_open
orangefs_dir_open
reiserfs_link
bad_inode_rmdir
afs_mntpt_open
ufs_setattr
km_state_notify
mtf_testlist_open
pinctrl_devices_open
ubifs_rename
vsoc_open
pptp_connect
qla2x00_dfs_tgt_port_database_open
ieee802154_sock_connect
lowpan_ctx_plen_fops_open
minix_symlink
gfs2_setattr
_ctx_stats_open
reiserfs_create
vfs_rmdir
orangefs_dir_iterate
ptdump_open_curusr
sc_fop_open
btrfs_opendir
audit_remove_mark
pid_maps_open
proc_map_files_readdir
lpfc_debugfs_slow_ring_trc_open
i8k_open_fs
fops_incomplete_addr_phase_open
sched_destroy_group
ffs_ep0_open
rpc_proc_open
lstats_open
genwqe_debugfs_queue_working_time_open
snic_reset_stats_open
proc_scsi_devinfo_open
genpd_devices_open
os_scsi_tape_open
genwqe_debugfs_ddcb_info_open
wil_link_stats_global_seq_open
nfs_readdir
prism2_download_aux_dump_proc_open
wil_rx_buff_mgmt_seq_open
dlmfs_create
clusterip_proc_open
gfs2_fallocate
f2fs_link
fops_u16_wo_open
orangefs_debug_open
tracing_open
genwqe_debugfs_info_open
nfp_net_debugfs_tx_q_open
component_list_open
nfs4_copy_file_range
ds1374_wdt_open
testmode_open
v9fs_vfs_symlink_dotl
debug_async_open.303130
dr_mode_open
v9fs_vfs_getattr_dotl
vcs_open
exofs_create
acpi_thermal_rel_open
children_seq_open
twa_chrdev_open
inet_listen
drp_avail_open
jfs_mkdir
reservations_open
binder_transaction_log_open
dquot_set_dqblk
ocfs2_statfs
packet_recvmsg
dfs_file_open
lpfc_debugfs_hbqinfo_open
ftrace_event_set_open
ts_open
rt2x00debug_open_queue_dump
nvram_open
fscache_objlist_open
btrfs_rmdir
l2cap_sock_create
udf_mkdir
genwqe_debugfs_jtimer_open
proc_ptrace_connector
in_flight_summary_open
__audit_inode
debug_registers_open
xhci_ring_open
gpiolib_open
dwc3_link_state_open
nr_sendmsg
inet_sendmsg
prof_cpu_mask_proc_open
comp_open
ax25_shutdown
twl_chrdev_open
genwqe_debugfs_curr_dbg_uid0_open
pagemap_open
tap_open
ecryptfs_create
orangefs_statfs
try_to_unuse
mountstats_open
asus_wmi_debugfs_open
ubifs_setattr
tracing_saved_cmdlines_open
punit_dev_state_open
mic_dma_reg_debug_open
d_l1_down_proc_open
viafb_dfph_proc_open
qp_open
rss_vf_config_open
netlink_connect
cifs_linux_ext_proc_open
serio_raw_open
sched_offline_group
ch_open
addr_fops_open
open_port
proc_APList_open
vfio_fops_open
affs_rename2
genwqe_debugfs_curr_dbg_uid2_open
atalk_create
device_data_gen_id_open
percpu_stats_open
ecryptfs_getattr_link
wafwdt_open
xsk_getsockopt
usb_open
nvme_dev_open
hfsplus_file_open
ceph_rename
iio_chrdev_open
xdr_truncate_encode
fop_open.379542
dentry_needs_remove_privs
pinmux_pins_open
inet_dccp_listen
sync_info_debugfs_open
llc_ui_recvmsg
set_root.26083
mqueue_create
dwc3_transfer_type_open
dwc3_rx_request_queue_open
__list_lru_init
lpfc_debugfs_dumpDif_open
packet_getname_spkt
f2fs_fallocate
tasks_open
minstrel_stats_open
configfs_unlink
smk_open_onlycap
nfs_rmdir
lowpan_enable_fops_open
hfs_readdir
unix_getname
fnic_reset_stats_open
pm_qos_power_open
perf_event_mmap
conn_info_min_age_fops_open
xfs_vn_mkdir
jbd2_seq_info_open
hfsplus_listxattr
keypad_open
skcipher_recvmsg_nokey
ib_umad_open
llc_ui_create
it8712f_wdt_open
uuids_open
rfkill_fop_open
tipc_listen
nfs_create
task_set_jobctl_pending
xsk_setsockopt
l2tp_dfs_seq_open
recent_seq_open
comedi_open.426740
__invalid_creds
mei_open
hardware_info_open
jiffies_to_timespec64
ibwdt_open
tcp_try_fastopen
fops_u64_open
pmc_core_dev_state_open
fm10k_dbg_desc_open
musb_test_mode_open
genwqe_debugfs_curr_regs_open
hpfs_unlink
pid_numa_maps_open
_ctx_stats_open.413362
llcp_sock_listen
traceSMB_proc_open
mt76x2_ampdu_stat_open
tcp_get_cookie_sock
devkmsg_open
charlcd_open
musb_regdump_open
proc_status_open
rproc_rsc_table_open
white_list_open
minix_mknod
seq_rawdata_abi_open
smc_listen
gfs2_symlink
divas_open.388899
rdma_readwrite_threshold_open
open_file_eeprom
dn_accept
gb_loopback_latency_open
hugetlbfs_symlink
aac_cfg_open
xsd_kva_open
tpmrm_open
genwqe_debugfs_prev_dbg_uid0_open
lpfc_debugfs_nvmeio_trc_open
proc_root_readdir
seq_fdinfo_open
shmem_unlink
lpfc_debugfs_dumpHostSlim_open
_fault_stats_open
adpt_open
ext4_dir_open
btrfs_mkdir
joydev_open
caif_connect
_driver_stats_open
random_address_open
lowpan_ctx_flag_active_fops_open
intel_th_msc_open
l2t_seq_open
cma_free_fops_open
pppox_create
dell_debugfs_open
get_task_io_context
ceph_readdir
evtchn_open
dl_debug_open_common
bfs_statfs
rpc_dummy_info_open
vsock_bind
params_open
mon_bin_open
nfsd_proc_open
skge_debug_open
btrfs_dedupe_file_range
simple_open
fops_u64_wo_open.396121
inet_shutdown
mps_tcam_open
btrfs_symlink
ext4_readdir
full_proxy_open
vmci_host_open
sco_sock_recvmsg
rss_config_open
samsung_laptop_call_open
rpc_pipe_open
minstrel_ht_stats_open
affs_symlink
ashmem_open
xillybus_open
sco_sock_getname
fops_u16_open
tx_rate_open
fops_atomic_t_open
device_id_open.513349
ab3100_otp_open
binder_stats_open
ecryptfs_readdir
xdr_reserve_space
usb_pcwd_temperature_open
fsnotify_get_cookie
fat_readdir
profiles_open
jfs_setattr
trace_open
device_list_open
ubifs_readdir
sbefifo_user_open
orangefs_devreq_open
ceph_statfs
fifo_open.301901
fault_around_bytes_fops_open
simple_getattr
sctp_inet_listen
swaps_open
ci_otg_open
sco_sock_setsockopt
orangefs_debug_help_open
security_file_permission
ovl_copy_file_range
btrfs_clone_file_range
dquot_get_dqblk
nfs42_clone_file_range
ocfs2_file_clone_range
ovl_dedupe_file_range
msdos_unlink
minix_statfs
system_tr_open
creds_are_invalid
msdos_mkdir
f2fs_getattr
sysv_getattr
udf_symlink_getattr
kernfs_iop_getattr
cifs_getattr
afs_getattr
dwc3_testmode_open
btrfs_getattr
sock_no_getname
pid_getattr
shmem_link
l2cap_sock_connect
ovl_getattr
nfs_namespace_getattr
ext4_getattr
nfs_getattr
omfs_mkdir
nfs4_do_open
caif_seqpkt_recvmsg
bpf_prog_warn_on_exec
orangefs_create
proc_getattr
minix_getattr
coda_getattr
cifs_rename2
afs_open
rng_recvmsg
bad_inode_getattr
ceph_getattr
fuse_getattr
r_heartbeat_file_open
hfsplus_link
raw_open.435408
ocfs2_getattr
rawdata_get_link_sha1
fat_getattr
proc_tgid_net_getattr
proc_root_getattr
binder_open
ocfs2_osb_debug_open
dquot_quota_enable
touch_atime
kernel_read
ovl_statfs
nfs_get_link
nfs_fattr_init
wdt_open
proc_ns_get_link
crtc_crc_open
jffs2_create
autofs_get_link
simple_get_link
kernfs_iop_get_link
cifs_get_link
proc_thread_self_get_link
iterate_supers
jffs2_rename
dccp_v6_reqsk_destructor
sched_feat_open
shmem_get_link
proc_get_link
gfs2_get_link
ci_role_open
sco_sock_listen
ecryptfs_setattr
fat_fallocate
bad_inode_setattr
rawdata_get_link_data
ecryptfs_mknod
proc_map_files_get_link
x25_bind
rawdata_get_link_abi
ubifs_get_link
ovl_get_link
minix_rmdir
lstats_open.28870
alg_create
ubifs_create
ceph_create
coda_create
softsynth_open
rose_accept
rds_connect
hwsim_simulate_radar_open
proc_pid_get_link
btrfs_create
v9fs_vfs_create
speakup_file_open
nfc_llcp_getsockopt
fuse_create
affs_create
cifs_create
vm_area_alloc
llcp_sock_connect
ext2_create
udf_create
hpfs_create
bt_sock_create
hugetlbfs_create
shmem_create
l2cap_sock_bind
smc_getname
gfs2_create
wil_link_stats_seq_open
bfs_create
svc_bind.518281
xfs_vn_create
memtype_seq_open
vfat_create
alg_accept
cpu5wdt_open
romfs_statfs
kcm_release
resources_open.220443
ovl_create
nilfs_create
omfs_create
setsockopt
ramfs_create
hfs_create
nfs_symlink
mce_chrdev_open
sysv_create
v9fs_vfs_create_dotl
efivarfs_create
fuse_rmdir
xfs_file_clone_range
bad_inode_create
ocfs2_create
uinput_open
security_inode_create
dev_get_by_index_rcu
atalk_release
sock_no_shutdown
do_truncate
netlink_getname
jffs2_mknod
ocfs2_mknod
evdev_open
nfs_mknod
sysv_mknod
jfs_mknod
jffs2_listxattr
ext2_mknod
bad_inode_mknod
reiserfs_mknod
device_act_log_extents_open
ocfs2_listxattr
lowpan_control_open
state_open
v9fs_vfs_mknod_dotl
ext4_mknod
d_exchange
shmem_mknod
l2cap_sock_setsockopt
ax25_accept
v9fs_vfs_mknod
llcp_raw_sock_bind
btrfs_mknod
coda_return_EIO
rose_sendmsg
filename_create
getname_flags
vfs_create
ext4_mkdir
reqsk_fastopen_remove
coda_psdev_open
orangefs_mkdir
ceph_mkdir
configfs_rmdir
coda_mkdir
dn_getsockopt
rds_setsockopt
btrfs_fallocate
rose_setsockopt
autofs_dir_mkdir
ramfs_mkdir
hpfs_mkdir
reiserfs_mkdir
bpf_mkdir
llcp_sock_recvmsg
shmem_mkdir
l2cap_sock_listen
sysv_mkdir
smc_shutdown
gfs2_mkdir
watchdog_open.378913
sco_sock_create
vfat_mkdir
perf_event_task_disable
cpuid_open
xfs_file_fallocate
fuse_mkdir
__ipv6_addr_type
tracefs_syscall_mkdir
kernfs_iop_mkdir
v9fs_vfs_mkdir_dotl
ubifs_mkdir
proc_task_getattr
afs_mkdir
nfs_rename
affs_statfs
fops_iomem_x32_open
kcm_sendmsg
ns_mkdir_op
rfcomm_sock_bind
affs_mkdir
exofs_mkdir
ax25_recvmsg
hugetlbfs_mkdir
bad_inode_mkdir
erofs_statfs
ocfs2_mkdir
cm4040_open
vfs_mkdir
shrink_dcache_parent
setup_security_options
ext4_rmdir
msdos_rmdir
orangefs_unlink
empty_dir_listxattr
autofs_dir_rmdir
ufs_rmdir
cifs_rmdir
coda_setattr
hfs_remove
nfs_link
unix_listen
ath6kl_fwlog_open
ceph_unlink
ir_lirc_open
coda_rmdir
dn_sendmsg
rds_getsockopt
rose_getsockopt
ax25_connect
v9fs_vfs_rmdir
shmem_rmdir
proc_readfdinfo
l2cap_sock_shutdown
event_file_open
hfsplus_rmdir
f2fs_rmdir
ocfs2_unlink
jfs_rmdir
ns_rmdir_op
rfcomm_sock_connect
ext2_rmdir
drop_super
jffs2_rmdir
hpfs_rmdir
gfs2_unlink
qnx6_readdir
sock_no_connect
hfsplus_unlink
mqueue_unlink
efivarfs_unlink
minix_unlink
hash_recvmsg_nokey
afs_unlink
gr_dfs_open
exofs_unlink
ax25_getsockopt
udf_unlink
atalk_sendmsg
configfs_open_file
autofs_dir_unlink
_rcds_open
policy_get_link
fuse_unlink
jfs_unlink
ubifs_unlink
coda_unlink
sysv_unlink
proc_sys_readdir
ext2_unlink
ecryptfs_unlink
ufs_unlink
vfat_unlink
alg_setsockopt
sge_qstats_open
ovl_unlink
rng_dev_open
minix_setattr
bfs_unlink
gfs2_link
configfs_setattr
reiserfs_unlink
f_hidg_open
vga_arb_open
dlmfs_unlink
packet_create
afs_create
hash_accept_nokey
jffs2_unlink
trace_hardirqs_off
dn_bind
fuse_rename2
_sdes_open
bad_inode_unlink
ihold
configfs_symlink
exofs_symlink
pinctrl_gpioranges_open
ax25_sendmsg
ufs_symlink
ceph_symlink
match_token
configfs_mkdir
coda_symlink
hci_sock_getname
nfs3_listxattr
wil_tx_latency_seq_open
rose_listen
bpf_symlink
identity_open
firmware_open
ramfs_symlink
jfs_symlink
ext4_symlink
fop_open
nilfs_symlink
default_affinity_open
new_inode_pseudo
smk_open_load_self
ext2_symlink
ecryptfs_symlink
ie6xx_wdt_dbg_open
befs_statfs
security_secid_to_secctx
gfs2_inplace_reserve
udf_symlink
atalk_recvmsg
bad_inode_symlink
debug_registers_open.305273
ocfs2_symlink
sysv_symlink
shmem_symlink
l2cap_sock_getname
hpfs_symlink
hfsplus_symlink
fuse_readdir
perf_event_task_enable
fuse_symlink
wil_ring_seq_open
autofs_dir_symlink
vfs_symlink
ec_device_open
nilfs_link
snic_trc_open
ubifs_link
jfs_link
ext2_link
ntfs_statfs
ecryptfs_link
xfs_file_open
bad_inode_get_link
fuse_link
hidp_sock_create
v9fs_vfs_link
ufs_link
fuse_mknod
xfs_file_dedupe_range
bad_inode_link
ocfs2_link
jffs2_link
trace_hardirqs_on
dn_release
v9fs_vfs_link_dotl
sysv_link
udf_link
cifs_hardlink
bfs_link
affs_link
exofs_link
ax25_setsockopt
mdc800_device_open
filename_lookup
__is_local_mountpoint
debug_open.364785
vfat_rename
shmem_rename2
proc_tgid_base_readdir
l2cap_sock_getsockopt
ext2_setattr
exofs_rename
minix_rename
proc_attr_dir_readdir
af_alg_release
sge_qinfo_open.220487
client_options_show_open
ovl_rename
nilfs_rename
coda_rename
rose_recvmsg
hfsplus_rename
sysv_rename
msdos_rename
simple_rename
auxdev_open
sysv_setattr
jfs_rename
smc_getsockopt
gfs2_rename2
sco_sock_release
ceph_setattr
orangefs_rename
fuse_statfs
reiserfs_rename
eraseblk_count_open
afs_rmdir
hash_recvmsg
packet_release
kernfs_iop_rename
ext2_rename
hpfs_rename
nr_create
_qp_stats_open.413349
fuse_get_link
bad_inode_rename2
ufs_rename
hfs_rename
unix_stream_sendmsg
jfs_loglevel_proc_open
bfs_rename
xfs_vn_mknod
release_dentry_name_snapshot
vfs_rename
cifs_clone_file_range
xfs_fs_set_info
vsock_release
prctl_set_seccomp
do_fcntl
fcntl_setlk
fcntl_getlk
f2fs_readdir
ext2_readdir
proc_ns_dir_readdir
jffs2_readdir
qnx4_readdir
proc_task_readdir
x25_accept
ufs_readdir
split_huge_pages_fops_open
proc_readdir
nst_fop_open
reiserfs_readdir
sysv_readdir
hfsplus_readdir
show_traces_open
snd_ctl_open
xfs_file_readdir
empty_dir_readdir
ocfs2_setattr
proc_tid_base_readdir
kernfs_fop_readdir
v9fs_dir_readdir_dotl
ext4_quota_on
cramfs_readdir
afs_readdir
smk_open_load
ext2_statfs
kcm_create
vxfs_readdir
befs_readdir
cifs_readdir
rds_sendmsg
gfs2_sbstats_open
hpfs_readdir
down_read_killable
coda_readdir
dcache_readdir
erofs_readdir
xfs_vn_symlink
svc_getname
ovl_iterate
empty_dir_getattr
ocfs2_readdir
skcipher_sendmsg
adfs_readdir
fsl_ssi_stats_open
ima_inode_post_setattr
llc_ui_release
ntfs_setattr
shmem_setattr
l2cap_sock_sendmsg
v9fs_vfs_setattr
sockfs_setattr
simple_link
bcm_release
pn_socket_connect
btrfs_unlink
proc_setattr
security_socket_post_create
hwsim_fops_ps_open
rawsock_release
hfs_inode_setattr
xfs_vn_setattr
f2fs_setattr
affs_notify_change
btrfs_setattr
vcpu_tsc_offset_fops_open
sock_no_accept
rsxx_attr_stats_open
smk_open_relabel_self
kernfs_iop_setattr
__audit_log_capset
svc_getsockopt
omfs_setattr
jfs_open
hpfs_setattr
reiserfs_setattr
raw_open
cifs_setattr
udf_rename
gfs2_inplace_release
hfsplus_setattr
llcp_sock_bind
udf_setattr
proc_sys_setattr
nilfs_setattr
kern_path
security_sb_remount
get_fs_type
security_inode_getsecurity
__break_lease
alloc_file_clone
dentry_lru_show_open
security_inode_listsecurity
fat_setattr
bad_inode_listxattr
security_secmark_refcount_inc
mbox_open
ovl_listxattr
hpet_open
tracefs_syscall_rmdir
jfs_listxattr
ceph_listxattr
l2cap_sock_accept
nfs4_listxattr
xfs_vn_listxattr
rds_recvmsg
ipv6_opt_accepted
afs_listxattr
unix_dgram_connect
erofs_listxattr
fops_i2400m_reset_open
rfcomm_sock_sendmsg
shmem_listxattr
l2cap_sock_recvmsg
nfs_mkdir
ffs_epfile_open
f2fs_listxattr
ubifs_listxattr
orangefs_listxattr
ima_measurements_open
ecryptfs_listxattr
kernfs_iop_listxattr
dccp_v4_reqsk_destructor
qnx6_statfs
vxfs_statfs
coda_statfs
monc_show_open
btrfs_statfs
udf_statfs
unix_seqpacket_recvmsg
ecryptfs_statfs
jffs2_statfs
simple_statfs
efs_statfs
omfs_statfs
qnx4_statfs
ieee802154_sock_release
ubifs_statfs
gfs2_statfs
mdsc_show_open
hfsplus_statfs
nilfs_statfs
nfs_statfs
f2fs_statfs
do_settimeofday64
ecryptfs_rename
sysv_statfs
v9fs_statfs
llcp_sock_release
cramfs_statfs
orangefs_setattr
hfs_statfs
isofs_statfs
reiserfs_statfs
ufs_statfs
generic_add_lease
gnss_open
x25_setsockopt
generic_delete_lease
x25_listen
vfs_load_quota_inode
from_kqid
gfs2_dir_add
hidma_chan_stats_open
llc_ui_accept
cifs_fallocate
xfs_quota_enable
odev_open
f2fs_quota_off
vhost_net_open
ext2_quota_off
dquot_get_next_dqblk
f2fs_quota_sync
dquot_quota_sync
dquot_set_dqinfo
gfs2_quota_get_state
size_to_hstate
xfrm_audit_policy_delete
dquot_get_state
gfs2_get_dqblk
f2fs_quota_on
sniff_min_interval_fops_open
tcp_v6_init_ts_off
xfs_fs_rm_xquota
ss_add
vsock_shutdown
dquot_quota_disable
xfs_fs_set_dqblk
gfs2_glstats_open
vsock_getname
xfrm_audit_state_delete
nfs4_get_security_label
nfs_setsecurity
affs_readdir
nfs4_label_alloc
snic_stats_open
vfs_tmpfile
ovl_create_temp
__init_rwsem
ipc_update_perm
freeque
extfrag_open
ipc_rcu_getref
wake_q_add
hugetlb_file_setup
afs_rename
hash_sendmsg
dlmfs_file_setattr
packet_bind
do_shm_rmid
device_ed_gen_id_open
security_mmap_file
shm_destroy
unusable_open
ipc_obtain_object_idr
binder_new_node
sge_qinfo_open
match_strdup
ftdi_elan_open
security_audit_rule_init
integrity_audit_msg
inet6_release
exofs_readdir
put_io_context
ip_route_output_flow
security_kernel_act_as
tun_attach
dev_get_valid_name
v9fs_vfs_unlink
ax25_release
get_random_bytes
__alloc_fd
__fd_install
pppoe_recvmsg
tracing_stat_open
sock_common_recvmsg
pppol2tp_recvmsg
dn_recvmsg
fops_ulong_open
tun_recvmsg
privcmd_open
simple_rmdir
bcm_recvmsg
pn_socket_listen
rfcomm_sock_recvmsg
vsock_dgram_recvmsg
nfsd_reply_cache_stats_open
unix_dgram_recvmsg
rawsock_recvmsg
x25_recvmsg
tipc_recvmsg
pppol2tp_getname
aead_recvmsg
unix_stream_recvmsg
inet_recvmsg
aead_recvmsg_nokey
smc_recvmsg
vsock_stream_recvmsg
tun_sendmsg
ci_requests_open
sco_sock_sendmsg
simple_unlink
v9fs_listxattr
bcm_sendmsg
dax_open
pfkey_sendmsg
packet_sendmsg_spkt
pi433_open
xfs_vn_get_link_inline
svc_create.518280
tipc_sendmsg
vsock_dgram_sendmsg
vsock_stream_sendmsg
aead_sendmsg_nokey
mISDN_sock_sendmsg
rss_key_open
netlink_sendmsg
riocm_cdev_open
binder_proc_open
hci_sock_sendmsg
unix_seqpacket_sendmsg
raw_sendmsg.511402
trace_format_open
tap_sendmsg
kcm_recvmsg
pn_socket_sendmsg
unix_dgram_sendmsg
pppol2tp_sendmsg
skcipher_sendmsg_nokey
sock_no_sendmsg
pppoe_sendmsg
rawsock_sendmsg
rxrpc_sendmsg
aead_sendmsg
xsk_sendmsg
raw_release.511398
tipc_release
gfs2_getattr
smc_release
rfcomm_sock_release
pfkey_release
caif_release
hci_sock_release
data_sock_release
rose_release
proc_readfd
rds_create
pvcalls_pass_sk_data_ready
unix_release
pn_socket_release
nr_release
pptp_release
bnep_sock_create
base_sock_release
xfs_vn_rename
svc_listen
rxrpc_release
irq_domain_debug_open
rds_release
rose_connect
xsk_release
v9fs_vfs_symlink
hidp_sock_release
bnep_sock_release
pcipcwd_open
pmcraid_chr_open
pptp_bind
l2cap_sock_release
caif_create
inet6_create
dcb_info_open
binder_inc_ref_for_node
netlink_create
ax25_create
cmtp_sock_create
pn_socket_create
unix_create
v9fs_vfs_getattr
ax25_listen
nfc_sock_create
caif_seqpkt_sendmsg
can_create
debugfs_devm_entry_open
hci_sock_create
xsk_create
pvc_create
raw_bind.511399
adis16480_flash_count_fops_open
smc_bind
security_sb_parse_opts_str
xsk_bind
ieee802154_sock_bind
kcm_setsockopt
pn_socket_bind
unix_bind
hci_sock_bind
nr_bind
xfrm_audit_state_add
inet_bind
hidma_dma_info_open
filename_parentat
llc_ui_bind
inet6_bind
v9fs_vfs_mkdir
ax25_bind
alg_bind
packet_bind_spkt
tipc_bind
sock_no_recvmsg
pvc_bind
sock_no_bind
netlink_bind
rds_getname
set_user_nice
dn_listen
llc_ui_listen
dwc3_tx_fifo_queue_open
nr_listen
rxrpc_listen
pptp_getname
tipc_getname
ep_open
mISDN_sock_create
packet_getname
hash_accept
v9fs_vfs_rename
ax25_getname
rfcomm_sock_getname
x25_getname
dwc3_rx_fifo_queue_open
nr_getname
__receive_sock
pvc_getname
fops_size_t_wo_open
dn_getname
raw_getname
pppoe_getname
kcm_getsockopt
pn_socket_getname
sock_from_file
link_path_walk
llc_ui_getname
wil_memread_seq_open
smc_accept
inet_accept
tipc_accept
inet_dgram_connect
nr_connect
llc_ui_connect
sctp_inet_connect
fops_size_t_open
dn_connect
vsock_stream_connect
tipc_connect
ci_registers_open
sco_sock_connect
x25_connect
rxrpc_setsockopt
sock_no_setsockopt
rxrpc_connect
svc_setsockopt
rfcomm_sock_debugfs_open
pvcalls_sk_data_ready
binder_dec_node_tmpref
tipc_setsockopt
llc_ui_setsockopt
ipmi_open
nr_setsockopt
gfs2_mknod
smc_setsockopt
vsock_stream_setsockopt
dn_setsockopt
megasas_mgmt_open
viafb_iga2_odev_proc_open
pppol2tp_setsockopt
deferred_devs_open
adfs_notify_change
hci_sock_setsockopt
pvc_setsockopt
raw_setsockopt.511400
data_sock_getname
packet_setsockopt
sock_setsockopt
i2cdev_open
proc_reg_open
nr_getsockopt
km_query
xfs_vn_link
svc_connect
rxrpc_create
sock_common_getsockopt
rxrpc_getsockopt
llc_ui_getsockopt
netlink_getsockopt
configfs_dir_open
rfcomm_sock_getsockopt
binder_transactions_open
sco_sock_getsockopt
pppol2tp_getsockopt
hci_sock_getsockopt
packet_getsockopt
x25_getsockopt
tipc_shutdown
dn_shutdown
tracing_open_generic
sco_sock_shutdown
rfcomm_sock_shutdown
rxrpc_shutdown
jfs_readdir
event_buffer_open
pvc_shutdown
rxrpc_bind
svc_shutdown
___pskb_trim
data_sock_setsockopt
compat_packet_setsockopt
slabinfo_open
compat_sock_common_setsockopt
prealloc_shrinker
xfs_vn_unlink
svc_accept
compat_sock_common_getsockopt
netlink_broadcast_filtered
inet_csk_reqsk_queue_add
tcp_v4_init_ts_off
tcp_peer_is_proven
tcp_v6_init_seq
tcp_openreq_init_rwin
tcp_ecn_create_request
cookie_v6_init_sequence
inet_csk_reqsk_queue_hash_add
tcp_select_initial_window
__audit_inode_child
xfrm_state_delete
priv_func_num=2375
Time Cost: 1342.413207 s
Done

Constraint-based Analysis:
ceph_osdc_init:__init_rwsem:inode_init_always
page_readlink:page_get_link:vfs_get_link
tun_net_uninit:tun_detach_all:__tun_chr_ioctl
kill_rules:audit_remove_mark:audit_update_lsm_rules
ovl_install_temp:vfs_link:do_linkat
jfs_put_super:jfs_quota_off:kernel_quotactl
inet6_csk_route_req:security_req_classify_flow:cookie_v6_check
btrfs_mount:vfs_kern_mount:do_mount
__tun_chr_ioctl:sk_attach_filter:tun_attach
do_atmif_sioc:compat_alloc_user_space:__compat_sys_setsockopt
hci_uart_register_device:__percpu_init_rwsem:sget_userns
tcp_rtx_synack:tcp_v6_send_synack:tcp_conn_request
ovl_create_index:ovl_create_temp:ovl_get_tmpfile
rpc_create_cache_dir:fsnotify:fat_generic_ioctl
path_lookupat:follow_managed:path_openat
big_key_preparse:shmem_kernel_file_setup:newseg
sctp_v6_get_dst:fl6_update_dst:cookie_v6_check
do_qc:from_kqid:kernel_quotactl
tcp_check_req:reqsk_fastopen_remove:tcp_conn_request
debugfs_rename:fsnotify_get_cookie:vfs_rename
vfs_whiteout:shmem_mknod:vfs_mknod
dump_truncate:do_truncate:path_openat
vfs_getattr_nosec:kernfs_iop_getattr:vfs_getattr
reiserfs_put_super:reiserfs_quota_off:kernel_quotactl
xattr_lookup:jffs2_create:vfs_create
pnfs_layoutcommit_inode:nfs_fattr_init:nfs4_xattr_set_nfs4_label
kernel_getpeername:dn_getname:__sys_getpeername
rds_tcp_listen_init:alg_bind:__sys_bind
d_invalidate:__detach_mounts:vfs_rename
do_coredump:signal_wake_up_state:ptrace_attach
audit_update_watch:audit_dupe_rule:audit_update_lsm_rules
nlmsg_notify:netlink_broadcast_filtered:netlink_sendmsg
ceph_init_file:orangefs_debug_help_open:do_dentry_open
dev_change_name:dev_get_valid_name:__tun_chr_ioctl
kdb_send_sig:__send_signal:kill_pid_info_as_cred
con_close_socket:pvc_shutdown:__se_sys_socketcall
reiserfs_xattr_init:ocfs2_mkdir:vfs_mkdir
ovl_create_real:vfs_symlink:do_symlinkat
evm_inode_setattr:integrity_audit_msg:ima_parse_add_rule
fd_execute_unmap:nfs42_fallocate:vfs_fallocate
binder_translate_binder:binder_new_node:binder_ioctl
fill_read_buf:file_ra_state_init:do_dentry_open
selinux_complete_init:iterate_supers:kernel_quotactl
reiserfs_xattr_set_handle:msdos_unlink:vfs_unlink
de_thread:change_pid:__se_sys_setpgid
fprop_fraction_percpu:trace_hardirqs_off:do_syslog
do_sync:gfs2_inplace_reserve:gfs2_create_inode
dns_query:override_creds:ovl_get_tmpfile
p9_client_create:match_strdup:ima_parse_add_rule
ceph_atomic_open:finish_open:gfs2_create_inode
binder_thread_write:binder_inc_ref_for_node:binder_translate_handle
nfs_fs_mount:security_sb_parse_opts_str:btrfs_mount_root
rpcrdma_bc_marshal_reply:xdr_reserve_space:nfsd4_encode_fattr
ext4_put_super:ext4_quota_off:kernel_quotactl
rpc_remove_cache_dir:simple_rmdir:vfs_rmdir
copy_vma:vma_link:do_brk_flags
__invalidate_device:lru_add_drain_all:kernel_move_pages
vfio_pin_pages_remote:down_write_killable:do_shmat
nfs4_alloc_createdata:nfs4_label_alloc:nfs4_xattr_set_nfs4_label
hfi1_get_proc_affinity:__bitmap_and:sched_getaffinity
init_mount_tree:set_fs_root:ksys_chroot
path_openat:link_path_walk:path_openat
ptrace_request:task_set_jobctl_pending:ptrace_attach
gss_refresh:put_rpccred:nfs4_xattr_set_nfs4_label
unix_find_other:kern_path:do_mount
xfs_break_leased_layouts:__break_lease:notify_change
ceph_parse_options:match_token:ima_parse_add_rule
__nfqnl_enqueue_packet:security_release_secctx:netlbl_unlabel_staticlist_gen
ovl_copy_up_data:do_splice_direct:vfs_copy_file_range
btrfs_mount_root:setup_security_options:btrfs_remount
tcpnv_init:__cgroup_bpf_run_filter_sock_ops:tcp_conn_request
ext2_put_super:ext2_quota_off:kernel_quotactl
userfaultfd_release:vma_merge:do_brk_flags
ceph_fill_trace:d_move:vfs_rename
nfs4_atomic_open:nfs4_do_open:nfs4_atomic_open
setup_arg_pages:mprotect_fixup:do_mprotect_pkey
cgrp_attach:cgroup_taskset_next:cpuset_can_attach
ida_pre_get:kmem_cache_alloc_trace:tcp_conn_request
total_cnt=78
Time Cost: 4648.460116 s
Done

